#
# A fatal error has been detected by the Java Runtime Environment:
#
#  EXCEPTION_ACCESS_VIOLATION (0xc0000005) at pc=0x00007ffc9b46362a, pid=42636, tid=23492
#
# JRE version: OpenJDK Runtime Environment Zulu17.34+19-CA (17.0.3+7) (build 17.0.3+7-LTS)
# Java VM: OpenJDK 64-Bit Server VM Zulu17.34+19-CA (17.0.3+7-LTS, mixed mode, sharing, tiered, compressed oops, compressed class ptrs, g1 gc, windows-amd64)
# Problematic frame:
# V  [jvm.dll+0x7a362a]
#
# No core dump will be written. Minidumps are not enabled by default on client versions of Windows
#
# If you would like to submit a bug report, please visit:
#   http://www.azul.com/support/
#

---------------  S U M M A R Y ------------

Command Line: -XX:+ShowCodeDetailsInExceptionMessages -agentlib:jdwp=transport=dt_socket,suspend=y,address=localhost:52183 -Dshared=E:\Projects\github\queryeer\queryeer-ide/shared -Dplugin1=E:\Projects\github\queryeer\queryeer-ide/../queryeer-catalog/target/queryeer-catalog-dist/queryeer-catalog -Dplugin2=E:/Projects/ellos/products-data/queryeer/build/distributions/egpd-catalog-0.0.1-SNAPSHOT.zip -DdevEnv=true -Dlog4j.configuration=file:E:\Projects\github\queryeer\queryeer-ide/log4j.properties -Xmx2500m -javaagent:E:\Applications\eclipse-jee-2024-09-R-win32-x86_64\eclipse\configuration\org.eclipse.osgi\446\0\.cp\lib\javaagent-shaded.jar -Dfile.encoding=UTF-8 -Dstdout.encoding=UTF-8 -Dstderr.encoding=UTF-8 -agentpath:C:\Program Files\Palo Alto Networks\Traps\cyjagent.dll com.queryeer.Main

Host: 11th Gen Intel(R) Core(TM) i5-11500H @ 2.90GHz, 12 cores, 31G,  Windows 10 , 64 bit Build 19041 (10.0.19041.5198)
Time: Thu Jan 30 19:23:35 2025 Västeuropa, normaltid elapsed time: 1204.128716 seconds (0d 0h 20m 4s)

---------------  T H R E A D  ---------------

Current thread (0x000001b626f66380):  JavaThread "JDWP Transport Listener: dt_socket" daemon [_thread_in_vm, id=23492, stack(0x0000000d31800000,0x0000000d31900000)]

Stack: [0x0000000d31800000,0x0000000d31900000],  sp=0x0000000d318ff8d0,  free space=1022k
Native frames: (J=compiled Java code, j=interpreted, Vv=VM code, C=native code)
V  [jvm.dll+0x7a362a]
V  [jvm.dll+0x50d4bc]
V  [jvm.dll+0x4d48d5]
C  [jdwp.dll+0x22e9f]


siginfo: EXCEPTION_ACCESS_VIOLATION (0xc0000005), reading address 0x00000000029d02a0


Register to memory mapping:

RIP=0x00007ffc9b46362a jvm.dll
RAX=0x00000000000002e0 is an unknown value
RBX=0x000001b626dc9689 points into unknown readable memory: 29 4c 6f 72 67 2f 61
RCX=0x00000000029d029c is an unknown value
RDX=0x000001b62c9f7a10 points into unknown readable memory: 0x6573756b2f65734c | 4c 73 65 2f 6b 75 73 65
RSP=0x0000000d318ff8d0 is pointing into the stack for thread: 0x000001b626f66380
RBP=0x000001b626ff3050 points into unknown readable memory: 0x0000001700000002 | 02 00 00 00 17 00 00 00
RSI=0x0 is NULL
RDI=0xffffffffffffffff is an unknown value
R8 =0x000000000000001a is an unknown value
R9 =0x0000000000000029 is an unknown value
R10=0x0 is NULL
R11=0x0000000d318ff8f0 is pointing into the stack for thread: 0x000001b626f66380
R12=0x0000000d318ffa28 is pointing into the stack for thread: 0x000001b626f66380
R13=0x0 is NULL
R14=0x000000080121d068 is a pointer to class: 
se.kuseman.payloadbuilder.catalog.jdbc.dialect.SqlServerDocumentParser {0x000000080121d070}
 - instance size:     7
 - klass size:        97
 - access:            synchronized 
 - state:             fully_initialized
 - name:              'se/kuseman/payloadbuilder/catalog/jdbc/dialect/SqlServerDocumentParser'
 - super:             'se/kuseman/payloadbuilder/catalog/jdbc/dialect/AntlrDocumentParser'
 - sub:               
 - arrays:            NULL
 - methods:           Array<T>(0x000001b636af1a78)
 - method ordering:   Array<T>(0x000001b636af3d40)
 - default_methods:   Array<T>(0x0000000000000000)
 - local interfaces:  Array<T>(0x00000008006016a8)
 - trans. interfaces: Array<T>(0x000001b636514478)
 - constants:         constant pool [834]/operands[81] {0x000001b636af8008} for 'se/kuseman/payloadbuilder/catalog/jdbc/dialect/SqlServerDocumentParser' cache=0x000001b636af9b00
 - class loader data:  loader data: 0x000001b62ba258b0 for instance a 'com/queryeer/PluginHandler$1'{0x000000076796f9b0}
 - source file:       'SqlServerDocumentParser.java'
 - source debug extension:       SMAP
SqlServerDocumentParser.java
Java
*S jdt
*F
1 SqlServerDocumentParser.java
2 file:/E:/Projects/github/queryeer/queryeer-ide/../queryeer-catalog/target/queryeer-catalog-dist/queryeer-catalog/queryeer-catalog-2.7.0-SNAPSHOT.jar
*L
*E

 - class annotations:       Array<T>(0x0000000000000000)
 - class type annotations:  Array<T>(0x0000000000000000)
 - field annotations:       Array<T>(0x0000000000000000)
 - field type annotations:  Array<T>(0x0000000000000000)
 - generic signature: '
[error occurred during error reporting (printing register info), id 0xc0000005, EXCEPTION_ACCESS_VIOLATION (0xc0000005) at pc=0x00007ffc9b464236]

Registers:
RAX=0x00000000000002e0, RBX=0x000001b626dc9689, RCX=0x00000000029d029c, RDX=0x000001b62c9f7a10
RSP=0x0000000d318ff8d0, RBP=0x000001b626ff3050, RSI=0x0000000000000000, RDI=0xffffffffffffffff
R8 =0x000000000000001a, R9 =0x0000000000000029, R10=0x0000000000000000, R11=0x0000000d318ff8f0
R12=0x0000000d318ffa28, R13=0x0000000000000000, R14=0x000000080121d068, R15=0x0000000d318ffa78
RIP=0x00007ffc9b46362a, EFLAGS=0x0000000000010202

Top of Stack: (sp=0x0000000d318ff8d0)
0x0000000d318ff8d0:   0000000000000046 000000080121d068
0x0000000d318ff8e0:   000001b626f66380 0000000000000000
0x0000000d318ff8f0:   ffffffffffffffff 00007ffc9b1cd4bc
0x0000000d318ff900:   000001b626dc9689 000001b626dc9640
0x0000000d318ff910:   000001b626ff3050 000001b62c226470
0x0000000d318ff920:   000001b626dc95e0 00000000000003d8
0x0000000d318ff930:   000001b626dc95f0 000001b626dc99c8
0x0000000d318ff940:   0000000000000002 0000000d318ffa28
0x0000000d318ff950:   0000000000000000 0000000000000000
0x0000000d318ff960:   000000079a8743e8 00007ffc9b1948d5
0x0000000d318ff970:   000001b626f66380 0000000d318ffa78
0x0000000d318ff980:   000001b60614c1d0 0000000d318ffa78
0x0000000d318ff990:   000001b626f66380 0000000000000000
0x0000000d318ff9a0:   000001b600000000 0000000000000000
0x0000000d318ff9b0:   000000000000000d 00007ffd15012e9f
0x0000000d318ff9c0:   0000000d318ffa70 00007ffd15021ce0 

Instructions: (pc=0x00007ffc9b46362a)
0x00007ffc9b46352a:   48 83 c4 20 5f e9 5c 2f 90 ff cc cc cc cc cc cc
0x00007ffc9b46353a:   cc cc cc cc cc cc 48 89 5c 24 08 57 48 83 ec 20
0x00007ffc9b46354a:   83 fa 02 8d 42 06 b9 08 00 00 00 49 8b d8 0f 4e
0x00007ffc9b46355a:   c1 48 63 c8 48 83 c1 07 83 e1 f8 48 63 f9 49 8b
0x00007ffc9b46356a:   48 18 48 8b c7 48 f7 d0 48 3b c1 73 16 4c 8d 05
0x00007ffc9b46357a:   aa 5e 17 00 48 8b d7 48 8b cb e8 67 92 90 ff 48
0x00007ffc9b46358a:   8b 4b 18 48 8d 04 39 48 3b 43 20 76 18 45 33 c0
0x00007ffc9b46359a:   48 8b d7 48 8b cb 48 8b 5c 24 30 48 83 c4 20 5f
0x00007ffc9b4635aa:   e9 c1 8e 90 ff 48 89 43 18 48 8b c1 48 8b 5c 24
0x00007ffc9b4635ba:   30 48 83 c4 20 5f c3 cc cc cc cc cc cc cc cc cc
0x00007ffc9b4635ca:   cc cc cc cc cc cc 4c 8b d2 4c 8b d9 45 85 c0 7e
0x00007ffc9b4635da:   3c 44 0f b7 49 04 41 8d 40 ff 41 3b c1 44 0f 4c
0x00007ffc9b4635ea:   c8 4d 63 c1 45 85 c9 7e 1f 48 8b c2 4c 2b da 49
0x00007ffc9b4635fa:   8b d0 0f 1f 40 00 41 0f b6 4c 03 06 88 08 48 8d
0x00007ffc9b46360a:   40 01 48 83 ea 01 75 ee 43 c6 04 10 00 49 8b c2
0x00007ffc9b46361a:   c3 cc cc cc cc cc 48 89 5c 24 08 57 48 83 ec 20
0x00007ffc9b46362a:   0f b7 59 04 48 8b f9 33 d2 48 8d 4b 01 e8 74 da
0x00007ffc9b46363a:   f2 ff 0f b7 57 04 4c 8b c0 3b da 0f 42 d3 44 8b
0x00007ffc9b46364a:   ca 85 d2 74 39 48 2b f8 0f 1f 40 00 66 66 0f 1f
0x00007ffc9b46365a:   84 00 00 00 00 00 0f b6 4c 07 06 88 08 48 ff c0
0x00007ffc9b46366a:   48 8b c8 49 2b c8 49 3b c9 7c eb 42 c6 04 02 00
0x00007ffc9b46367a:   49 8b c0 48 8b 5c 24 30 48 83 c4 20 5f c3 48 8b
0x00007ffc9b46368a:   5c 24 30 c6 04 02 00 48 83 c4 20 5f c3 cc cc cc
0x00007ffc9b46369a:   cc cc cc cc cc cc 4c 8b d1 45 85 c0 7e 6c 44 0f
0x00007ffc9b4636aa:   b7 49 04 41 8d 40 ff 41 3b c1 44 0f 4c c8 4d 63
0x00007ffc9b4636ba:   d9 45 85 c9 7e 22 48 8b ca 4c 2b d2 4d 8b c3 0f
0x00007ffc9b4636ca:   1f 80 00 00 00 00 41 0f b6 44 0a 06 88 01 48 8d
0x00007ffc9b4636da:   49 01 49 83 e8 01 75 ee 41 c6 04 13 00 48 c7 c0
0x00007ffc9b4636ea:   ff ff ff ff 66 90 48 ff c0 80 3c 02 00 75 f7 48
0x00007ffc9b4636fa:   63 c8 85 c0 48 8b c2 7e 14 80 38 2f 75 03 c6 00
0x00007ffc9b46370a:   2e 48 ff c0 48 83 e9 01 75 ef 48 8b c2 c3 cc cc
0x00007ffc9b46371a:   cc cc cc cc cc cc 48 83 ec 28 e8 f7 fe ff ff 4c 


Stack slot to memory mapping:
stack at sp + 0 slots: 0x0000000000000046 is an unknown value
stack at sp + 1 slots: 0x000000080121d068 is a pointer to class: 
se.kuseman.payloadbuilder.catalog.jdbc.dialect.SqlServerDocumentParser {0x000000080121d070}
 - instance size:     7
 - klass size:        97
 - access:            synchronized 
 - state:             fully_initialized
 - name:              'se/kuseman/payloadbuilder/catalog/jdbc/dialect/SqlServerDocumentParser'
 - super:             'se/kuseman/payloadbuilder/catalog/jdbc/dialect/AntlrDocumentParser'
 - sub:               
 - arrays:            NULL
 - methods:           Array<T>(0x000001b636af1a78)
 - method ordering:   Array<T>(0x000001b636af3d40)
 - default_methods:   Array<T>(0x0000000000000000)
 - local interfaces:  Array<T>(0x00000008006016a8)
 - trans. interfaces: Array<T>(0x000001b636514478)
 - constants:         constant pool [834]/operands[81] {0x000001b636af8008} for 'se/kuseman/payloadbuilder/catalog/jdbc/dialect/SqlServerDocumentParser' cache=0x000001b636af9b00
 - class loader data:  loader data: 0x000001b62ba258b0 for instance a 'com/queryeer/PluginHandler$1'{0x000000076796f9b0}
 - source file:       'SqlServerDocumentParser.java'
 - source debug extension:       SMAP
SqlServerDocumentParser.java
Java
*S jdt
*F
1 SqlServerDocumentParser.java
2 file:/E:/Projects/github/queryeer/queryeer-ide/../queryeer-catalog/target/queryeer-catalog-dist/queryeer-catalog/queryeer-catalog-2.7.0-SNAPSHOT.jar
*L
*E

 - class annotations:       Array<T>(0x0000000000000000)
 - class type annotations:  Array<T>(0x0000000000000000)
 - field annotations:       Array<T>(0x0000000000000000)
 - field type annotations:  Array<T>(0x0000000000000000)
 - generic signature: '
[error occurred during error reporting (inspecting top of stack), id 0xc0000005, EXCEPTION_ACCESS_VIOLATION (0xc0000005) at pc=0x00007ffc9b464236]


---------------  P R O C E S S  ---------------

Threads class SMR info:
_java_thread_list=0x000001b62ea43fa0, length=35, elements={
0x000001b626d0e470, 0x000001b626d93ff0, 0x000001b626da66a0, 0x000001b626da7170,
0x000001b626daea80, 0x000001b626db5980, 0x000001b626dc1a90, 0x000001b626dc27b0,
0x000001b626dc30c0, 0x000001b626ed6720, 0x000001b626f66380, 0x000001b626f67220,
0x000001b626fc03b0, 0x000001b6270e0760, 0x000001b62842be20, 0x000001b6284a2e80,
0x000001b62e1457b0, 0x000001b62e143950, 0x000001b62e7f4140, 0x000001b62e7f64b0,
0x000001b62e7f3720, 0x000001b62e7f6ed0, 0x000001b62e7f78f0, 0x000001b62e7fa680,
0x000001b62e7f8310, 0x000001b62e7f8d30, 0x000001b62e1452a0, 0x000001b62e145cc0,
0x000001b62e142510, 0x000001b62e142f30, 0x000001b62e144370, 0x000001b629e445c0,
0x000001b629e44ad0, 0x000001b62e7f7e00, 0x000001b62e7f9c60
}

Java Threads: ( => current thread )
  0x000001b626d0e470 JavaThread "Reference Handler" daemon [_thread_blocked, id=43052, stack(0x0000000d30d00000,0x0000000d30e00000)]
  0x000001b626d93ff0 JavaThread "Finalizer" daemon [_thread_blocked, id=16372, stack(0x0000000d30e00000,0x0000000d30f00000)]
  0x000001b626da66a0 JavaThread "Signal Dispatcher" daemon [_thread_blocked, id=34060, stack(0x0000000d30f00000,0x0000000d31000000)]
  0x000001b626da7170 JavaThread "Attach Listener" daemon [_thread_blocked, id=35916, stack(0x0000000d31000000,0x0000000d31100000)]
  0x000001b626daea80 JavaThread "Service Thread" daemon [_thread_blocked, id=34260, stack(0x0000000d31100000,0x0000000d31200000)]
  0x000001b626db5980 JavaThread "Monitor Deflation Thread" daemon [_thread_blocked, id=27688, stack(0x0000000d31200000,0x0000000d31300000)]
  0x000001b626dc1a90 JavaThread "C2 CompilerThread0" daemon [_thread_blocked, id=31356, stack(0x0000000d31300000,0x0000000d31400000)]
  0x000001b626dc27b0 JavaThread "C1 CompilerThread0" daemon [_thread_blocked, id=45080, stack(0x0000000d31400000,0x0000000d31500000)]
  0x000001b626dc30c0 JavaThread "Sweeper thread" daemon [_thread_blocked, id=24620, stack(0x0000000d31500000,0x0000000d31600000)]
  0x000001b626ed6720 JavaThread "Common-Cleaner" daemon [_thread_blocked, id=18104, stack(0x0000000d31600000,0x0000000d31700000)]
=>0x000001b626f66380 JavaThread "JDWP Transport Listener: dt_socket" daemon [_thread_in_vm, id=23492, stack(0x0000000d31800000,0x0000000d31900000)]
  0x000001b626f67220 JavaThread "JDWP Event Helper Thread" daemon [_thread_blocked, id=38332, stack(0x0000000d31900000,0x0000000d31a00000)]
  0x000001b626fc03b0 JavaThread "JDWP Command Reader" daemon [_thread_in_native, id=33812, stack(0x0000000d31a00000,0x0000000d31b00000)]
  0x000001b6270e0760 JavaThread "Notification Thread" daemon [_thread_blocked, id=34896, stack(0x0000000d31b00000,0x0000000d31c00000)]
  0x000001b62842be20 JavaThread "Java2D Disposer" daemon [_thread_blocked, id=25084, stack(0x0000000d31d00000,0x0000000d31e00000)]
  0x000001b6284a2e80 JavaThread "AWT-Windows" daemon [_thread_in_native, id=26192, stack(0x0000000d31f00000,0x0000000d32000000)]
  0x000001b62e1457b0 JavaThread "QueryeerFileWatchService" daemon [_thread_blocked, id=20320, stack(0x0000000d32a00000,0x0000000d32b00000)]
  0x000001b62e143950 JavaThread "FileSystemWatchService" daemon [_thread_in_native, id=21640, stack(0x0000000d32b00000,0x0000000d32c00000)]
  0x000001b62e7f4140 JavaThread "AWT-Shutdown" [_thread_blocked, id=5040, stack(0x0000000d32e00000,0x0000000d32f00000)]
  0x000001b62e7f64b0 JavaThread "RMI TCP Accept-0" daemon [_thread_in_native, id=42112, stack(0x0000000d32f00000,0x0000000d33000000)]
  0x000001b62e7f3720 JavaThread "AWT-EventQueue-0" [_thread_blocked, id=14696, stack(0x0000000d33000000,0x0000000d33100000)]
  0x000001b62e7f6ed0 JavaThread "idle-connection-evictor-1" daemon [_thread_blocked, id=33684, stack(0x0000000d33100000,0x0000000d33200000)]
  0x000001b62e7f78f0 JavaThread "JdbcCatalog-Datasource-housekeeper-1" daemon [_thread_blocked, id=21364, stack(0x0000000d33200000,0x0000000d33300000)]
  0x000001b62e7fa680 JavaThread "TimerQueue" daemon [_thread_blocked, id=1152, stack(0x0000000d33c00000,0x0000000d33d00000)]
  0x000001b62e7f8310 JavaThread "TextEditor-Parser#1" daemon [_thread_blocked, id=48480, stack(0x0000000d33e00000,0x0000000d33f00000)]
  0x000001b62e7f8d30 JavaThread "TextEditor-Parser#2" daemon [_thread_blocked, id=45404, stack(0x0000000d34700000,0x0000000d34800000)]
  0x000001b62e1452a0 JavaThread "TextEditor-Parser#3" daemon [_thread_blocked, id=44672, stack(0x0000000d34800000,0x0000000d34900000)]
  0x000001b62e145cc0 JavaThread "TextEditor-Parser#4" daemon [_thread_blocked, id=48196, stack(0x0000000d34900000,0x0000000d34a00000)]
  0x000001b62e142510 JavaThread "TextEditor-Parser#5" daemon [_thread_blocked, id=29076, stack(0x0000000d34a00000,0x0000000d34b00000)]
  0x000001b62e142f30 JavaThread "QueryeerBackupMaintenance" [_thread_blocked, id=46360, stack(0x0000000d34b00000,0x0000000d34c00000)]
  0x000001b62e144370 JavaThread "DestroyJavaVM" [_thread_blocked, id=18584, stack(0x0000000d30600000,0x0000000d30700000)]
  0x000001b629e445c0 JavaThread "SwingWorker-pool-12-thread-1" daemon [_thread_blocked, id=1848, stack(0x0000000d32900000,0x0000000d32a00000)]
  0x000001b629e44ad0 JavaThread "SwingWorker-pool-12-thread-2" daemon [_thread_blocked, id=47420, stack(0x0000000d33400000,0x0000000d33500000)]
  0x000001b62e7f7e00 JavaThread "oracle.jdbc.diagnostics.Diagnostic.CLOCK" daemon [_thread_blocked, id=42724, stack(0x0000000d33a00000,0x0000000d33b00000)]
  0x000001b62e7f9c60 JavaThread "oracle.jdbc.driver.BlockSource.ThreadedCachingBlockSource.BlockReleaser" daemon [_thread_blocked, id=28780, stack(0x0000000d33b00000,0x0000000d33c00000)]

Other Threads:
  0x000001b626d0cad0 VMThread "VM Thread" [stack: 0x0000000d30c00000,0x0000000d30d00000] [id=47144]
  0x000001b6061cd530 WatcherThread [stack: 0x0000000d31c00000,0x0000000d31d00000] [id=25444]
  0x000001b6061afc90 GCTaskThread "GC Thread#0" [stack: 0x0000000d30700000,0x0000000d30800000] [id=1768]
  0x000001b629c87220 GCTaskThread "GC Thread#1" [stack: 0x0000000d32000000,0x0000000d32100000] [id=26960]
  0x000001b629c704d0 GCTaskThread "GC Thread#2" [stack: 0x0000000d32100000,0x0000000d32200000] [id=26980]
  0x000001b629c874e0 GCTaskThread "GC Thread#3" [stack: 0x0000000d32200000,0x0000000d32300000] [id=17076]
  0x000001b6286a7a20 GCTaskThread "GC Thread#4" [stack: 0x0000000d32300000,0x0000000d32400000] [id=42816]
  0x000001b6286a80e0 GCTaskThread "GC Thread#5" [stack: 0x0000000d32400000,0x0000000d32500000] [id=35372]
  0x000001b6286a83a0 GCTaskThread "GC Thread#6" [stack: 0x0000000d32500000,0x0000000d32600000] [id=45156]
  0x000001b6286a8660 GCTaskThread "GC Thread#7" [stack: 0x0000000d32600000,0x0000000d32700000] [id=33108]
  0x000001b6286a8920 GCTaskThread "GC Thread#8" [stack: 0x0000000d32700000,0x0000000d32800000] [id=23252]
  0x000001b6286a8be0 GCTaskThread "GC Thread#9" [stack: 0x0000000d32800000,0x0000000d32900000] [id=38448]
  0x000001b6061ba730 ConcurrentGCThread "G1 Main Marker" [stack: 0x0000000d30800000,0x0000000d30900000] [id=19072]
  0x000001b6061bbbc0 ConcurrentGCThread "G1 Conc#0" [stack: 0x0000000d30900000,0x0000000d30a00000] [id=16284]
  0x000001b62c20f420 ConcurrentGCThread "G1 Conc#1" [stack: 0x0000000d32c00000,0x0000000d32d00000] [id=37912]
  0x000001b62c20f6e0 ConcurrentGCThread "G1 Conc#2" [stack: 0x0000000d32d00000,0x0000000d32e00000] [id=11304]
  0x000001b626c3c5d0 ConcurrentGCThread "G1 Refine#0" [stack: 0x0000000d30a00000,0x0000000d30b00000] [id=44344]
  0x000001b62efdb310 ConcurrentGCThread "G1 Refine#1" [stack: 0x0000000d31e00000,0x0000000d31f00000] [id=16016]
  0x000001b62e448e90 ConcurrentGCThread "G1 Refine#2" [stack: 0x0000000d33f00000,0x0000000d34000000] [id=2196]
  0x000001b62a8351c0 ConcurrentGCThread "G1 Refine#3" [stack: 0x0000000d34000000,0x0000000d34100000] [id=18220]
  0x000001b62e244ec0 ConcurrentGCThread "G1 Refine#4" [stack: 0x0000000d34100000,0x0000000d34200000] [id=38988]
  0x000001b62b621de0 ConcurrentGCThread "G1 Refine#5" [stack: 0x0000000d34200000,0x0000000d34300000] [id=6172]
  0x000001b62c215f50 ConcurrentGCThread "G1 Refine#6" [stack: 0x0000000d34300000,0x0000000d34400000] [id=44092]
  0x000001b62abfd3c0 ConcurrentGCThread "G1 Refine#7" [stack: 0x0000000d34400000,0x0000000d34500000] [id=22252]
  0x000001b62c268420 ConcurrentGCThread "G1 Refine#8" [stack: 0x0000000d34500000,0x0000000d34600000] [id=43728]
  0x000001b62bc71f60 ConcurrentGCThread "G1 Refine#9" [stack: 0x0000000d34600000,0x0000000d34700000] [id=36712]
  0x000001b626c3ce10 ConcurrentGCThread "G1 Service" [stack: 0x0000000d30b00000,0x0000000d30c00000] [id=37356]

Threads with active compile tasks:

VM state: not at safepoint (normal execution)

VM Mutex/Monitor currently owned by a thread: None

Heap address: 0x0000000763c00000, size: 2500 MB, Compressed Oops mode: Zero based, Oop shift amount: 3

CDS archive(s) mapped at: [0x0000000800000000-0x0000000800c00000-0x0000000800c00000), size 12582912, SharedBaseAddress: 0x0000000800000000, ArchiveRelocationMode: 0.
Compressed class space mapped at: 0x0000000800c00000-0x0000000840c00000, reserved size: 1073741824
Narrow klass base: 0x0000000800000000, Narrow klass shift: 0, Narrow klass range: 0x100000000

GC Precious Log:
 CPUs: 12 total, 12 available
 Memory: 31953M
 Large Page Support: Disabled
 NUMA Support: Disabled
 Compressed Oops: Enabled (Zero based)
 Heap Region Size: 2M
 Heap Min Capacity: 8M
 Heap Initial Capacity: 500M
 Heap Max Capacity: 2500M
 Pre-touch: Disabled
 Parallel Workers: 10
 Concurrent Workers: 3
 Concurrent Refinement Workers: 10
 Periodic GC: Disabled

Heap:
 garbage-first heap   total 321536K, used 278275K [0x0000000763c00000, 0x0000000800000000)
  region size 2048K, 93 young (190464K), 1 survivors (2048K)
 Metaspace       used 68106K, committed 68544K, reserved 1114112K
  class space    used 8120K, committed 8320K, reserved 1048576K

Heap Regions: E=young(eden), S=young(survivor), O=old, HS=humongous(starts), HC=humongous(continues), CS=collection set, F=free, OA=open archive, CA=closed archive, TAMS=top-at-mark-start (previous, next)
|   0|0x0000000763c00000, 0x0000000763e00000, 0x0000000763e00000|100%|HS|  |TAMS 0x0000000763e00000, 0x0000000763c00000| Complete 
|   1|0x0000000763e00000, 0x0000000764000000, 0x0000000764000000|100%| O|  |TAMS 0x0000000764000000, 0x0000000763e00000| Untracked 
|   2|0x0000000764000000, 0x0000000764200000, 0x0000000764200000|100%| O|  |TAMS 0x0000000764200000, 0x0000000764000000| Untracked 
|   3|0x0000000764200000, 0x0000000764400000, 0x0000000764400000|100%| O|  |TAMS 0x0000000764400000, 0x0000000764200000| Untracked 
|   4|0x0000000764400000, 0x0000000764600000, 0x0000000764600000|100%|HS|  |TAMS 0x0000000764600000, 0x0000000764400000| Complete 
|   5|0x0000000764600000, 0x0000000764800000, 0x0000000764800000|100%|HS|  |TAMS 0x0000000764800000, 0x0000000764600000| Complete 
|   6|0x0000000764800000, 0x0000000764a00000, 0x0000000764a00000|100%|HC|  |TAMS 0x0000000764a00000, 0x0000000764800000| Complete 
|   7|0x0000000764a00000, 0x0000000764c00000, 0x0000000764c00000|100%|HS|  |TAMS 0x0000000764c00000, 0x0000000764a00000| Complete 
|   8|0x0000000764c00000, 0x0000000764e00000, 0x0000000764e00000|100%|HC|  |TAMS 0x0000000764e00000, 0x0000000764c00000| Complete 
|   9|0x0000000764e00000, 0x0000000764e00000, 0x0000000765000000|  0%| F|  |TAMS 0x0000000764e00000, 0x0000000764e00000| Untracked 
|  10|0x0000000765000000, 0x0000000765200000, 0x0000000765200000|100%| O|  |TAMS 0x0000000765200000, 0x0000000765000000| Untracked 
|  11|0x0000000765200000, 0x0000000765400000, 0x0000000765400000|100%| O|  |TAMS 0x0000000765400000, 0x0000000765200000| Complete 
|  12|0x0000000765400000, 0x0000000765600000, 0x0000000765600000|100%|HS|  |TAMS 0x0000000765600000, 0x0000000765400000| Complete 
|  13|0x0000000765600000, 0x0000000765800000, 0x0000000765800000|100%|HC|  |TAMS 0x0000000765800000, 0x0000000765600000| Complete 
|  14|0x0000000765800000, 0x0000000765a00000, 0x0000000765a00000|100%|HC|  |TAMS 0x0000000765a00000, 0x0000000765800000| Complete 
|  15|0x0000000765a00000, 0x0000000765a00000, 0x0000000765c00000|  0%| F|  |TAMS 0x0000000765a00000, 0x0000000765a00000| Untracked 
|  16|0x0000000765c00000, 0x0000000765e00000, 0x0000000765e00000|100%| O|  |TAMS 0x0000000765e00000, 0x0000000765c00000| Untracked 
|  17|0x0000000765e00000, 0x0000000766000000, 0x0000000766000000|100%| O|  |TAMS 0x0000000766000000, 0x0000000765e00000| Complete 
|  18|0x0000000766000000, 0x0000000766200000, 0x0000000766200000|100%| O|  |TAMS 0x0000000766200000, 0x0000000766000000| Untracked 
|  19|0x0000000766200000, 0x0000000766400000, 0x0000000766400000|100%| O|  |TAMS 0x0000000766400000, 0x0000000766200000| Untracked 
|  20|0x0000000766400000, 0x0000000766600000, 0x0000000766600000|100%| O|  |TAMS 0x0000000766600000, 0x0000000766400000| Untracked 
|  21|0x0000000766600000, 0x0000000766800000, 0x0000000766800000|100%| O|  |TAMS 0x0000000766800000, 0x0000000766600000| Untracked 
|  22|0x0000000766800000, 0x0000000766a00000, 0x0000000766a00000|100%| O|  |TAMS 0x0000000766a00000, 0x0000000766800000| Untracked 
|  23|0x0000000766a00000, 0x0000000766c00000, 0x0000000766c00000|100%|HS|  |TAMS 0x0000000766a00000, 0x0000000766a00000| Complete 
|  24|0x0000000766c00000, 0x0000000766e00000, 0x0000000766e00000|100%|HC|  |TAMS 0x0000000766c00000, 0x0000000766c00000| Complete 
|  25|0x0000000766e00000, 0x0000000766e00000, 0x0000000767000000|  0%| F|  |TAMS 0x0000000766e00000, 0x0000000766e00000| Untracked 
|  26|0x0000000767000000, 0x0000000767000000, 0x0000000767200000|  0%| F|  |TAMS 0x0000000767000000, 0x0000000767000000| Untracked 
|  27|0x0000000767200000, 0x0000000767400000, 0x0000000767400000|100%| O|  |TAMS 0x0000000767400000, 0x0000000767200000| Untracked 
|  28|0x0000000767400000, 0x0000000767600000, 0x0000000767600000|100%| O|  |TAMS 0x0000000767600000, 0x0000000767400000| Complete 
|  29|0x0000000767600000, 0x0000000767600000, 0x0000000767800000|  0%| F|  |TAMS 0x0000000767600000, 0x0000000767600000| Untracked 
|  30|0x0000000767800000, 0x0000000767a00000, 0x0000000767a00000|100%| O|  |TAMS 0x0000000767a00000, 0x0000000767800000| Untracked 
|  31|0x0000000767a00000, 0x0000000767a00000, 0x0000000767c00000|  0%| F|  |TAMS 0x0000000767a00000, 0x0000000767a00000| Untracked 
|  32|0x0000000767c00000, 0x0000000767e00000, 0x0000000767e00000|100%| O|  |TAMS 0x0000000767e00000, 0x0000000767c00000| Untracked 
|  33|0x0000000767e00000, 0x0000000767e00000, 0x0000000768000000|  0%| F|  |TAMS 0x0000000767e00000, 0x0000000767e00000| Untracked 
|  34|0x0000000768000000, 0x0000000768200000, 0x0000000768200000|100%| O|  |TAMS 0x0000000768200000, 0x0000000768000000| Untracked 
|  35|0x0000000768200000, 0x0000000768400000, 0x0000000768400000|100%| O|  |TAMS 0x0000000768400000, 0x0000000768200000| Complete 
|  36|0x0000000768400000, 0x0000000768600000, 0x0000000768600000|100%| O|  |TAMS 0x0000000768600000, 0x0000000768400000| Complete 
|  37|0x0000000768600000, 0x0000000768800000, 0x0000000768800000|100%| O|  |TAMS 0x0000000768800000, 0x0000000768600000| Untracked 
|  38|0x0000000768800000, 0x0000000768800000, 0x0000000768a00000|  0%| F|  |TAMS 0x0000000768800000, 0x0000000768800000| Untracked 
|  39|0x0000000768a00000, 0x0000000768c00000, 0x0000000768c00000|100%| O|  |TAMS 0x0000000768c00000, 0x0000000768a00000| Untracked 
|  40|0x0000000768c00000, 0x0000000768c5f200, 0x0000000768e00000| 18%| O|  |TAMS 0x0000000768c5f200, 0x0000000768c00000| Complete 
|  41|0x0000000768e00000, 0x0000000768e00000, 0x0000000769000000|  0%| F|  |TAMS 0x0000000768e00000, 0x0000000768e00000| Untracked 
|  42|0x0000000769000000, 0x0000000769000000, 0x0000000769200000|  0%| F|  |TAMS 0x0000000769000000, 0x0000000769000000| Untracked 
|  43|0x0000000769200000, 0x0000000769200000, 0x0000000769400000|  0%| F|  |TAMS 0x0000000769200000, 0x0000000769200000| Untracked 
|  44|0x0000000769400000, 0x0000000769400000, 0x0000000769600000|  0%| F|  |TAMS 0x0000000769400000, 0x0000000769400000| Untracked 
|  45|0x0000000769600000, 0x0000000769600000, 0x0000000769800000|  0%| F|  |TAMS 0x0000000769600000, 0x0000000769600000| Untracked 
|  46|0x0000000769800000, 0x0000000769800000, 0x0000000769a00000|  0%| F|  |TAMS 0x0000000769800000, 0x0000000769800000| Untracked 
|  47|0x0000000769a00000, 0x0000000769a00000, 0x0000000769c00000|  0%| F|  |TAMS 0x0000000769a00000, 0x0000000769a00000| Untracked 
|  48|0x0000000769c00000, 0x0000000769c00000, 0x0000000769e00000|  0%| F|  |TAMS 0x0000000769c00000, 0x0000000769c00000| Untracked 
|  49|0x0000000769e00000, 0x0000000769e00000, 0x000000076a000000|  0%| F|  |TAMS 0x0000000769e00000, 0x0000000769e00000| Untracked 
|  50|0x000000076a000000, 0x000000076a000000, 0x000000076a200000|  0%| F|  |TAMS 0x000000076a000000, 0x000000076a000000| Untracked 
|  51|0x000000076a200000, 0x000000076a2fe6a8, 0x000000076a400000| 49%| E|  |TAMS 0x000000076a200000, 0x000000076a200000| Complete 
|  52|0x000000076a400000, 0x000000076a600000, 0x000000076a600000|100%| O|  |TAMS 0x000000076a600000, 0x000000076a400000| Untracked 
|  53|0x000000076a600000, 0x000000076a800000, 0x000000076a800000|100%| E|CS|TAMS 0x000000076a600000, 0x000000076a600000| Complete 
|  54|0x000000076a800000, 0x000000076aa00000, 0x000000076aa00000|100%| E|CS|TAMS 0x000000076a800000, 0x000000076a800000| Complete 
|  55|0x000000076aa00000, 0x000000076ac00000, 0x000000076ac00000|100%| E|CS|TAMS 0x000000076aa00000, 0x000000076aa00000| Complete 
|  56|0x000000076ac00000, 0x000000076ae00000, 0x000000076ae00000|100%|HS|  |TAMS 0x000000076ae00000, 0x000000076ac00000| Complete 
|  57|0x000000076ae00000, 0x000000076b000000, 0x000000076b000000|100%|HC|  |TAMS 0x000000076b000000, 0x000000076ae00000| Complete 
|  58|0x000000076b000000, 0x000000076b200000, 0x000000076b200000|100%| O|  |TAMS 0x000000076b200000, 0x000000076b000000| Untracked 
|  59|0x000000076b200000, 0x000000076b400000, 0x000000076b400000|100%| O|  |TAMS 0x000000076b400000, 0x000000076b200000| Untracked 
|  60|0x000000076b400000, 0x000000076b600000, 0x000000076b600000|100%| O|  |TAMS 0x000000076b600000, 0x000000076b400000| Untracked 
|  61|0x000000076b600000, 0x000000076b800000, 0x000000076b800000|100%| O|  |TAMS 0x000000076b800000, 0x000000076b600000| Untracked 
|  62|0x000000076b800000, 0x000000076ba00000, 0x000000076ba00000|100%| O|  |TAMS 0x000000076ba00000, 0x000000076b800000| Untracked 
|  63|0x000000076ba00000, 0x000000076bc00000, 0x000000076bc00000|100%| O|  |TAMS 0x000000076bc00000, 0x000000076ba00000| Untracked 
|  64|0x000000076bc00000, 0x000000076be00000, 0x000000076be00000|100%| E|CS|TAMS 0x000000076bc00000, 0x000000076bc00000| Complete 
|  65|0x000000076be00000, 0x000000076c000000, 0x000000076c000000|100%| E|CS|TAMS 0x000000076be00000, 0x000000076be00000| Complete 
|  66|0x000000076c000000, 0x000000076c200000, 0x000000076c200000|100%| E|CS|TAMS 0x000000076c000000, 0x000000076c000000| Complete 
|  67|0x000000076c200000, 0x000000076c400000, 0x000000076c400000|100%| E|CS|TAMS 0x000000076c200000, 0x000000076c200000| Complete 
|  68|0x000000076c400000, 0x000000076c600000, 0x000000076c600000|100%| E|CS|TAMS 0x000000076c400000, 0x000000076c400000| Complete 
|  69|0x000000076c600000, 0x000000076c800000, 0x000000076c800000|100%| E|CS|TAMS 0x000000076c600000, 0x000000076c600000| Complete 
|  70|0x000000076c800000, 0x000000076ca00000, 0x000000076ca00000|100%| E|CS|TAMS 0x000000076c800000, 0x000000076c800000| Complete 
|  71|0x000000076ca00000, 0x000000076cc00000, 0x000000076cc00000|100%| E|CS|TAMS 0x000000076ca00000, 0x000000076ca00000| Complete 
|  72|0x000000076cc00000, 0x000000076ce00000, 0x000000076ce00000|100%| E|CS|TAMS 0x000000076cc00000, 0x000000076cc00000| Complete 
|  73|0x000000076ce00000, 0x000000076d000000, 0x000000076d000000|100%| E|CS|TAMS 0x000000076ce00000, 0x000000076ce00000| Complete 
|  74|0x000000076d000000, 0x000000076d200000, 0x000000076d200000|100%| E|CS|TAMS 0x000000076d000000, 0x000000076d000000| Complete 
|  75|0x000000076d200000, 0x000000076d400000, 0x000000076d400000|100%| E|CS|TAMS 0x000000076d200000, 0x000000076d200000| Complete 
|  76|0x000000076d400000, 0x000000076d600000, 0x000000076d600000|100%| E|CS|TAMS 0x000000076d400000, 0x000000076d400000| Complete 
|  77|0x000000076d600000, 0x000000076d800000, 0x000000076d800000|100%| E|CS|TAMS 0x000000076d600000, 0x000000076d600000| Complete 
|  78|0x000000076d800000, 0x000000076da00000, 0x000000076da00000|100%| E|CS|TAMS 0x000000076d800000, 0x000000076d800000| Complete 
|  79|0x000000076da00000, 0x000000076dc00000, 0x000000076dc00000|100%| E|CS|TAMS 0x000000076da00000, 0x000000076da00000| Complete 
|  80|0x000000076dc00000, 0x000000076de00000, 0x000000076de00000|100%| E|CS|TAMS 0x000000076dc00000, 0x000000076dc00000| Complete 
|  81|0x000000076de00000, 0x000000076e000000, 0x000000076e000000|100%| E|CS|TAMS 0x000000076de00000, 0x000000076de00000| Complete 
|  82|0x000000076e000000, 0x000000076e200000, 0x000000076e200000|100%| E|CS|TAMS 0x000000076e000000, 0x000000076e000000| Complete 
|  83|0x000000076e200000, 0x000000076e400000, 0x000000076e400000|100%| E|CS|TAMS 0x000000076e200000, 0x000000076e200000| Complete 
|  84|0x000000076e400000, 0x000000076e600000, 0x000000076e600000|100%| O|  |TAMS 0x000000076e600000, 0x000000076e400000| Untracked 
|  85|0x000000076e600000, 0x000000076e800000, 0x000000076e800000|100%| O|  |TAMS 0x000000076e800000, 0x000000076e600000| Untracked 
|  86|0x000000076e800000, 0x000000076ea00000, 0x000000076ea00000|100%| E|CS|TAMS 0x000000076e800000, 0x000000076e800000| Complete 
|  87|0x000000076ea00000, 0x000000076ec00000, 0x000000076ec00000|100%| E|CS|TAMS 0x000000076ea00000, 0x000000076ea00000| Complete 
|  88|0x000000076ec00000, 0x000000076ee00000, 0x000000076ee00000|100%| E|CS|TAMS 0x000000076ec00000, 0x000000076ec00000| Complete 
|  89|0x000000076ee00000, 0x000000076f000000, 0x000000076f000000|100%| E|CS|TAMS 0x000000076ee00000, 0x000000076ee00000| Complete 
|  90|0x000000076f000000, 0x000000076f200000, 0x000000076f200000|100%| E|CS|TAMS 0x000000076f000000, 0x000000076f000000| Complete 
|  91|0x000000076f200000, 0x000000076f400000, 0x000000076f400000|100%| E|CS|TAMS 0x000000076f200000, 0x000000076f200000| Complete 
|  92|0x000000076f400000, 0x000000076f600000, 0x000000076f600000|100%| E|CS|TAMS 0x000000076f400000, 0x000000076f400000| Complete 
|  93|0x000000076f600000, 0x000000076f800000, 0x000000076f800000|100%| E|CS|TAMS 0x000000076f600000, 0x000000076f600000| Complete 
|  94|0x000000076f800000, 0x000000076fa00000, 0x000000076fa00000|100%| E|CS|TAMS 0x000000076f800000, 0x000000076f800000| Complete 
|  95|0x000000076fa00000, 0x000000076fc00000, 0x000000076fc00000|100%| E|CS|TAMS 0x000000076fa00000, 0x000000076fa00000| Complete 
|  96|0x000000076fc00000, 0x000000076fe00000, 0x000000076fe00000|100%| E|CS|TAMS 0x000000076fc00000, 0x000000076fc00000| Complete 
|  97|0x000000076fe00000, 0x0000000770000000, 0x0000000770000000|100%| E|CS|TAMS 0x000000076fe00000, 0x000000076fe00000| Complete 
|  98|0x0000000770000000, 0x0000000770200000, 0x0000000770200000|100%| E|CS|TAMS 0x0000000770000000, 0x0000000770000000| Complete 
|  99|0x0000000770200000, 0x0000000770400000, 0x0000000770400000|100%| E|CS|TAMS 0x0000000770200000, 0x0000000770200000| Complete 
| 100|0x0000000770400000, 0x0000000770600000, 0x0000000770600000|100%| E|CS|TAMS 0x0000000770400000, 0x0000000770400000| Complete 
| 101|0x0000000770600000, 0x0000000770800000, 0x0000000770800000|100%| E|  |TAMS 0x0000000770600000, 0x0000000770600000| Complete 
| 102|0x0000000770800000, 0x0000000770a00000, 0x0000000770a00000|100%| E|CS|TAMS 0x0000000770800000, 0x0000000770800000| Complete 
| 103|0x0000000770a00000, 0x0000000770c00000, 0x0000000770c00000|100%| E|CS|TAMS 0x0000000770a00000, 0x0000000770a00000| Complete 
| 104|0x0000000770c00000, 0x0000000770e00000, 0x0000000770e00000|100%| E|CS|TAMS 0x0000000770c00000, 0x0000000770c00000| Complete 
| 105|0x0000000770e00000, 0x0000000771000000, 0x0000000771000000|100%| E|CS|TAMS 0x0000000770e00000, 0x0000000770e00000| Complete 
| 106|0x0000000771000000, 0x0000000771200000, 0x0000000771200000|100%| E|CS|TAMS 0x0000000771000000, 0x0000000771000000| Complete 
| 107|0x0000000771200000, 0x0000000771400000, 0x0000000771400000|100%| E|CS|TAMS 0x0000000771200000, 0x0000000771200000| Complete 
| 108|0x0000000771400000, 0x0000000771600000, 0x0000000771600000|100%| E|CS|TAMS 0x0000000771400000, 0x0000000771400000| Complete 
| 109|0x0000000771600000, 0x0000000771800000, 0x0000000771800000|100%| E|CS|TAMS 0x0000000771600000, 0x0000000771600000| Complete 
| 110|0x0000000771800000, 0x0000000771a00000, 0x0000000771a00000|100%| E|CS|TAMS 0x0000000771800000, 0x0000000771800000| Complete 
| 111|0x0000000771a00000, 0x0000000771c00000, 0x0000000771c00000|100%| E|CS|TAMS 0x0000000771a00000, 0x0000000771a00000| Complete 
| 112|0x0000000771c00000, 0x0000000771e00000, 0x0000000771e00000|100%| E|CS|TAMS 0x0000000771c00000, 0x0000000771c00000| Complete 
| 113|0x0000000771e00000, 0x0000000772000000, 0x0000000772000000|100%| O|  |TAMS 0x0000000772000000, 0x0000000771e00000| Untracked 
| 114|0x0000000772000000, 0x0000000772200000, 0x0000000772200000|100%| O|  |TAMS 0x0000000772200000, 0x0000000772000000| Untracked 
| 115|0x0000000772200000, 0x0000000772400000, 0x0000000772400000|100%| E|CS|TAMS 0x0000000772200000, 0x0000000772200000| Complete 
| 116|0x0000000772400000, 0x0000000772600000, 0x0000000772600000|100%| E|CS|TAMS 0x0000000772400000, 0x0000000772400000| Complete 
| 117|0x0000000772600000, 0x0000000772800000, 0x0000000772800000|100%| E|CS|TAMS 0x0000000772600000, 0x0000000772600000| Complete 
| 118|0x0000000772800000, 0x0000000772a00000, 0x0000000772a00000|100%| E|CS|TAMS 0x0000000772800000, 0x0000000772800000| Complete 
| 119|0x0000000772a00000, 0x0000000772c00000, 0x0000000772c00000|100%| E|CS|TAMS 0x0000000772a00000, 0x0000000772a00000| Complete 
| 120|0x0000000772c00000, 0x0000000772e00000, 0x0000000772e00000|100%| E|CS|TAMS 0x0000000772c00000, 0x0000000772c00000| Complete 
| 121|0x0000000772e00000, 0x0000000773000000, 0x0000000773000000|100%| E|CS|TAMS 0x0000000772e00000, 0x0000000772e00000| Complete 
| 122|0x0000000773000000, 0x0000000773200000, 0x0000000773200000|100%| E|CS|TAMS 0x0000000773000000, 0x0000000773000000| Complete 
| 123|0x0000000773200000, 0x0000000773400000, 0x0000000773400000|100%| E|CS|TAMS 0x0000000773200000, 0x0000000773200000| Complete 
| 124|0x0000000773400000, 0x0000000773600000, 0x0000000773600000|100%| E|CS|TAMS 0x0000000773400000, 0x0000000773400000| Complete 
| 125|0x0000000773600000, 0x0000000773800000, 0x0000000773800000|100%| E|CS|TAMS 0x0000000773600000, 0x0000000773600000| Complete 
| 126|0x0000000773800000, 0x0000000773a00000, 0x0000000773a00000|100%| E|CS|TAMS 0x0000000773800000, 0x0000000773800000| Complete 
| 127|0x0000000773a00000, 0x0000000773c00000, 0x0000000773c00000|100%| E|CS|TAMS 0x0000000773a00000, 0x0000000773a00000| Complete 
| 128|0x0000000773c00000, 0x0000000773e00000, 0x0000000773e00000|100%| E|CS|TAMS 0x0000000773c00000, 0x0000000773c00000| Complete 
| 129|0x0000000773e00000, 0x0000000774000000, 0x0000000774000000|100%| E|CS|TAMS 0x0000000773e00000, 0x0000000773e00000| Complete 
| 130|0x0000000774000000, 0x0000000774200000, 0x0000000774200000|100%| E|CS|TAMS 0x0000000774000000, 0x0000000774000000| Complete 
| 131|0x0000000774200000, 0x0000000774400000, 0x0000000774400000|100%| E|CS|TAMS 0x0000000774200000, 0x0000000774200000| Complete 
| 132|0x0000000774400000, 0x0000000774600000, 0x0000000774600000|100%| E|CS|TAMS 0x0000000774400000, 0x0000000774400000| Complete 
| 133|0x0000000774600000, 0x0000000774800000, 0x0000000774800000|100%| E|CS|TAMS 0x0000000774600000, 0x0000000774600000| Complete 
| 134|0x0000000774800000, 0x0000000774a00000, 0x0000000774a00000|100%| E|CS|TAMS 0x0000000774800000, 0x0000000774800000| Complete 
| 135|0x0000000774a00000, 0x0000000774c00000, 0x0000000774c00000|100%| E|CS|TAMS 0x0000000774a00000, 0x0000000774a00000| Complete 
| 136|0x0000000774c00000, 0x0000000774e00000, 0x0000000774e00000|100%| E|CS|TAMS 0x0000000774c00000, 0x0000000774c00000| Complete 
| 137|0x0000000774e00000, 0x0000000775000000, 0x0000000775000000|100%| E|CS|TAMS 0x0000000774e00000, 0x0000000774e00000| Complete 
| 138|0x0000000775000000, 0x0000000775200000, 0x0000000775200000|100%| E|CS|TAMS 0x0000000775000000, 0x0000000775000000| Complete 
| 139|0x0000000775200000, 0x0000000775400000, 0x0000000775400000|100%| E|CS|TAMS 0x0000000775200000, 0x0000000775200000| Complete 
| 140|0x0000000775400000, 0x0000000775600000, 0x0000000775600000|100%| E|CS|TAMS 0x0000000775400000, 0x0000000775400000| Complete 
| 141|0x0000000775600000, 0x0000000775800000, 0x0000000775800000|100%| E|CS|TAMS 0x0000000775600000, 0x0000000775600000| Complete 
| 142|0x0000000775800000, 0x0000000775a00000, 0x0000000775a00000|100%| E|CS|TAMS 0x0000000775800000, 0x0000000775800000| Complete 
| 143|0x0000000775a00000, 0x0000000775c00000, 0x0000000775c00000|100%| E|CS|TAMS 0x0000000775a00000, 0x0000000775a00000| Complete 
| 144|0x0000000775c00000, 0x0000000775e00000, 0x0000000775e00000|100%| E|CS|TAMS 0x0000000775c00000, 0x0000000775c00000| Complete 
| 145|0x0000000775e00000, 0x0000000776000000, 0x0000000776000000|100%| E|CS|TAMS 0x0000000775e00000, 0x0000000775e00000| Complete 
| 146|0x0000000776000000, 0x0000000776200000, 0x0000000776200000|100%| E|CS|TAMS 0x0000000776000000, 0x0000000776000000| Complete 
| 147|0x0000000776200000, 0x0000000776400000, 0x0000000776400000|100%| E|CS|TAMS 0x0000000776200000, 0x0000000776200000| Complete 
| 148|0x0000000776400000, 0x0000000776600000, 0x0000000776600000|100%| E|CS|TAMS 0x0000000776400000, 0x0000000776400000| Complete 
| 149|0x0000000776600000, 0x0000000776800000, 0x0000000776800000|100%| E|CS|TAMS 0x0000000776600000, 0x0000000776600000| Complete 
| 150|0x0000000776800000, 0x0000000776a00000, 0x0000000776a00000|100%| E|CS|TAMS 0x0000000776800000, 0x0000000776800000| Complete 
| 151|0x0000000776a00000, 0x0000000776c00000, 0x0000000776c00000|100%| E|CS|TAMS 0x0000000776a00000, 0x0000000776a00000| Complete 
| 152|0x0000000776c00000, 0x0000000776e00000, 0x0000000776e00000|100%| E|CS|TAMS 0x0000000776c00000, 0x0000000776c00000| Complete 
| 153|0x0000000776e00000, 0x0000000777000000, 0x0000000777000000|100%| E|CS|TAMS 0x0000000776e00000, 0x0000000776e00000| Complete 
| 435|0x000000079a200000, 0x000000079a400000, 0x000000079a400000|100%| E|CS|TAMS 0x000000079a200000, 0x000000079a200000| Complete 
| 438|0x000000079a800000, 0x000000079a961ae8, 0x000000079aa00000| 69%| S|CS|TAMS 0x000000079a800000, 0x000000079a800000| Complete 
| 569|0x00000007aae00000, 0x00000007ab000000, 0x00000007ab000000|100%| E|CS|TAMS 0x00000007aae00000, 0x00000007aae00000| Complete 

Card table byte_map: [0x000001b61e860000,0x000001b61ed50000] _byte_map_base: 0x000001b61ad42000

Marking Bits (Prev, Next): (CMBitMap*) 0x000001b6061b0200, (CMBitMap*) 0x000001b6061b01c0
 Prev Bits: [0x000001b621950000, 0x000001b624060000)
 Next Bits: [0x000001b61f240000, 0x000001b621950000)

Polling page: 0x000001b603f30000

Metaspace:

Usage:
  Non-class:     58.58 MB used.
      Class:      7.93 MB used.
       Both:     66.51 MB used.

Virtual space:
  Non-class space:       64.00 MB reserved,      58.81 MB ( 92%) committed,  8 nodes.
      Class space:        1.00 GB reserved,       8.12 MB ( <1%) committed,  1 nodes.
             Both:        1.06 GB reserved,      66.94 MB (  6%) committed. 

Chunk freelists:
   Non-Class:  1008.00 KB
       Class:  3.69 MB
        Both:  4.67 MB

MaxMetaspaceSize: unlimited
CompressedClassSpaceSize: 1.00 GB
Initial GC threshold: 21.00 MB
Current GC threshold: 101.81 MB
CDS: on
MetaspaceReclaimPolicy: balanced
 - commit_granule_bytes: 65536.
 - commit_granule_words: 8192.
 - virtual_space_node_default_size: 1048576.
 - enlarge_chunks_in_place: 1.
 - new_chunks_are_fully_committed: 0.
 - uncommit_free_chunks: 1.
 - use_allocation_guard: 0.
 - handle_deallocations: 1.


Internal statistics:

num_allocs_failed_limit: 18.
num_arena_births: 550.
num_arena_deaths: 2.
num_vsnodes_births: 9.
num_vsnodes_deaths: 0.
num_space_committed: 1068.
num_space_uncommitted: 0.
num_chunks_returned_to_freelist: 20.
num_chunks_taken_from_freelist: 2116.
num_chunk_merges: 9.
num_chunk_splits: 1573.
num_chunks_enlarged: 1216.
num_purges: 4.
num_inconsistent_stats: 0.

CodeHeap 'non-profiled nmethods': size=120000Kb used=8400Kb max_used=8400Kb free=111599Kb
 bounds [0x000001b6167e0000, 0x000001b617020000, 0x000001b61dd10000]
CodeHeap 'profiled nmethods': size=120000Kb used=18469Kb max_used=18469Kb free=101531Kb
 bounds [0x000001b60f2b0000, 0x000001b6104c0000, 0x000001b6167e0000]
CodeHeap 'non-nmethods': size=5760Kb used=1594Kb max_used=1712Kb free=4165Kb
 bounds [0x000001b60ed10000, 0x000001b60ef80000, 0x000001b60f2b0000]
 total_blobs=9529 nmethods=8632 adapters=807
 compilation: enabled
              stopped_count=0, restarted_count=0
 full_count=0

Compilation events (20 events):
Event: 845.258 Thread 0x000001b626dc27b0 10542       3       org.apache.log4j.Priority::isGreaterOrEqual (17 bytes)
Event: 845.258 Thread 0x000001b626dc1a90 10543       4       java.util.AbstractList::listIterator (6 bytes)
Event: 845.259 Thread 0x000001b626dc27b0 nmethod 10542 0x000001b6104b9e90 code [0x000001b6104ba020, 0x000001b6104ba198]
Event: 845.267 Thread 0x000001b626dc1a90 nmethod 10543 0x000001b61700d990 code [0x000001b61700db20, 0x000001b61700dd78]
Event: 890.393 Thread 0x000001b626dc27b0 10544       3       oracle.jdbc.diagnostics.Diagnostic$1::run (10 bytes)
Event: 890.394 Thread 0x000001b626dc27b0 nmethod 10544 0x000001b6104ba290 code [0x000001b6104ba440, 0x000001b6104ba5a8]
Event: 898.510 Thread 0x000001b626dc1a90 10545       4       java.util.concurrent.locks.ReentrantLock::newCondition (8 bytes)
Event: 898.512 Thread 0x000001b626dc1a90 nmethod 10545 0x000001b61700df90 code [0x000001b61700e120, 0x000001b61700e218]
Event: 905.353 Thread 0x000001b626dc1a90 10546       4       java.util.PriorityQueue::poll (81 bytes)
Event: 905.376 Thread 0x000001b626dc1a90 nmethod 10546 0x000001b61700e310 code [0x000001b61700e4e0, 0x000001b61700f478]
Event: 905.614 Thread 0x000001b626dc1a90 10547       4       javax.swing.Timer::post (36 bytes)
Event: 905.637 Thread 0x000001b626dc1a90 nmethod 10547 0x000001b61700fb90 code [0x000001b61700fdc0, 0x000001b617010a60]
Event: 947.514 Thread 0x000001b626dc27b0 10549       3       org.apache.log4j.Category::getEffectiveLevel (28 bytes)
Event: 947.515 Thread 0x000001b626dc27b0 nmethod 10549 0x000001b6104ba690 code [0x000001b6104ba840, 0x000001b6104baa78]
Event: 947.515 Thread 0x000001b626dc27b0 10548       3       org.apache.log4j.Hierarchy::isDisabled (14 bytes)
Event: 947.515 Thread 0x000001b626dc27b0 nmethod 10548 0x000001b6104bab90 code [0x000001b6104bad20, 0x000001b6104bae98]
Event: 1078.490 Thread 0x000001b626dc1a90 10550   !   4       java.util.concurrent.DelayQueue::take (214 bytes)
Event: 1078.530 Thread 0x000001b626dc1a90 nmethod 10550 0x000001b617011910 code [0x000001b617011ba0, 0x000001b617012fe8]
Event: 1145.392 Thread 0x000001b626dc1a90 10551       4       java.util.TaskQueue::getMin (7 bytes)
Event: 1145.393 Thread 0x000001b626dc1a90 nmethod 10551 0x000001b617013e10 code [0x000001b617013f80, 0x000001b617014038]

GC Heap History (20 events):
Event: 2.914 GC heap before
{Heap before GC invocations=10 (full 0):
 garbage-first heap   total 921600K, used 798742K [0x0000000763c00000, 0x0000000800000000)
  region size 2048K, 268 young (548864K), 31 survivors (63488K)
 Metaspace       used 18907K, committed 19136K, reserved 1073152K
  class space    used 2013K, committed 2112K, reserved 1048576K
}
Event: 2.930 GC heap after
{Heap after GC invocations=11 (full 0):
 garbage-first heap   total 921600K, used 218936K [0x0000000763c00000, 0x0000000800000000)
  region size 2048K, 24 young (49152K), 24 survivors (49152K)
 Metaspace       used 18907K, committed 19136K, reserved 1073152K
  class space    used 2013K, committed 2112K, reserved 1048576K
}
Event: 3.269 GC heap before
{Heap before GC invocations=11 (full 0):
 garbage-first heap   total 921600K, used 722744K [0x0000000763c00000, 0x0000000800000000)
  region size 2048K, 270 young (552960K), 24 survivors (49152K)
 Metaspace       used 18927K, committed 19136K, reserved 1073152K
  class space    used 2013K, committed 2112K, reserved 1048576K
}
Event: 3.292 GC heap after
{Heap after GC invocations=12 (full 0):
 garbage-first heap   total 1167360K, used 250826K [0x0000000763c00000, 0x0000000800000000)
  region size 2048K, 25 young (51200K), 25 survivors (51200K)
 Metaspace       used 18927K, committed 19136K, reserved 1073152K
  class space    used 2013K, committed 2112K, reserved 1048576K
}
Event: 4.040 GC heap before
{Heap before GC invocations=12 (full 0):
 garbage-first heap   total 1167360K, used 512970K [0x0000000763c00000, 0x0000000800000000)
  region size 2048K, 155 young (317440K), 25 survivors (51200K)
 Metaspace       used 21222K, committed 21504K, reserved 1073152K
  class space    used 2255K, committed 2432K, reserved 1048576K
}
Event: 4.060 GC heap after
{Heap after GC invocations=13 (full 0):
 garbage-first heap   total 1167360K, used 264143K [0x0000000763c00000, 0x0000000800000000)
  region size 2048K, 28 young (57344K), 28 survivors (57344K)
 Metaspace       used 21222K, committed 21504K, reserved 1073152K
  class space    used 2255K, committed 2432K, reserved 1048576K
}
Event: 4.993 GC heap before
{Heap before GC invocations=14 (full 0):
 garbage-first heap   total 894976K, used 376783K [0x0000000763c00000, 0x0000000800000000)
  region size 2048K, 84 young (172032K), 28 survivors (57344K)
 Metaspace       used 36351K, committed 36608K, reserved 1081344K
  class space    used 4042K, committed 4160K, reserved 1048576K
}
Event: 5.011 GC heap after
{Heap after GC invocations=15 (full 0):
 garbage-first heap   total 894976K, used 272721K [0x0000000763c00000, 0x0000000800000000)
  region size 2048K, 6 young (12288K), 6 survivors (12288K)
 Metaspace       used 36351K, committed 36608K, reserved 1081344K
  class space    used 4042K, committed 4160K, reserved 1048576K
}
Event: 5.056 GC heap before
{Heap before GC invocations=15 (full 0):
 garbage-first heap   total 894976K, used 278865K [0x0000000763c00000, 0x0000000800000000)
  region size 2048K, 10 young (20480K), 6 survivors (12288K)
 Metaspace       used 36665K, committed 36928K, reserved 1081344K
  class space    used 4066K, committed 4224K, reserved 1048576K
}
Event: 5.062 GC heap after
{Heap after GC invocations=16 (full 0):
 garbage-first heap   total 894976K, used 209507K [0x0000000763c00000, 0x0000000800000000)
  region size 2048K, 2 young (4096K), 2 survivors (4096K)
 Metaspace       used 36665K, committed 36928K, reserved 1081344K
  class space    used 4066K, committed 4224K, reserved 1048576K
}
Event: 5.107 GC heap before
{Heap before GC invocations=16 (full 0):
 garbage-first heap   total 894976K, used 213603K [0x0000000763c00000, 0x0000000800000000)
  region size 2048K, 5 young (10240K), 2 survivors (4096K)
 Metaspace       used 37042K, committed 37248K, reserved 1089536K
  class space    used 4128K, committed 4224K, reserved 1048576K
}
Event: 5.110 GC heap after
{Heap after GC invocations=17 (full 0):
 garbage-first heap   total 894976K, used 208142K [0x0000000763c00000, 0x0000000800000000)
  region size 2048K, 2 young (4096K), 2 survivors (4096K)
 Metaspace       used 37042K, committed 37248K, reserved 1089536K
  class space    used 4128K, committed 4224K, reserved 1048576K
}
Event: 506.352 GC heap before
{Heap before GC invocations=18 (full 0):
 garbage-first heap   total 458752K, used 404799K [0x0000000763c00000, 0x0000000800000000)
  region size 2048K, 118 young (241664K), 2 survivors (4096K)
 Metaspace       used 58279K, committed 58752K, reserved 1105920K
  class space    used 6649K, committed 6912K, reserved 1048576K
}
Event: 506.359 GC heap after
{Heap after GC invocations=19 (full 0):
 garbage-first heap   total 458752K, used 182513K [0x0000000763c00000, 0x0000000800000000)
  region size 2048K, 7 young (14336K), 7 survivors (14336K)
 Metaspace       used 58279K, committed 58752K, reserved 1105920K
  class space    used 6649K, committed 6912K, reserved 1048576K
}
Event: 506.430 GC heap before
{Heap before GC invocations=19 (full 0):
 garbage-first heap   total 458752K, used 190705K [0x0000000763c00000, 0x0000000800000000)
  region size 2048K, 11 young (22528K), 7 survivors (14336K)
 Metaspace       used 59403K, committed 59904K, reserved 1105920K
  class space    used 6768K, committed 7040K, reserved 1048576K
}
Event: 506.436 GC heap after
{Heap after GC invocations=20 (full 0):
 garbage-first heap   total 458752K, used 110397K [0x0000000763c00000, 0x0000000800000000)
  region size 2048K, 1 young (2048K), 1 survivors (2048K)
 Metaspace       used 59403K, committed 59904K, reserved 1105920K
  class space    used 6768K, committed 7040K, reserved 1048576K
}
Event: 508.259 GC heap before
{Heap before GC invocations=20 (full 0):
 garbage-first heap   total 458752K, used 137021K [0x0000000763c00000, 0x0000000800000000)
  region size 2048K, 11 young (22528K), 1 survivors (2048K)
 Metaspace       used 61809K, committed 62272K, reserved 1105920K
  class space    used 6866K, committed 7104K, reserved 1048576K
}
Event: 508.263 GC heap after
{Heap after GC invocations=21 (full 0):
 garbage-first heap   total 458752K, used 91462K [0x0000000763c00000, 0x0000000800000000)
  region size 2048K, 2 young (4096K), 2 survivors (4096K)
 Metaspace       used 61809K, committed 62272K, reserved 1105920K
  class space    used 6866K, committed 7104K, reserved 1048576K
}
Event: 508.274 GC heap before
{Heap before GC invocations=21 (full 0):
 garbage-first heap   total 458752K, used 91462K [0x0000000763c00000, 0x0000000800000000)
  region size 2048K, 3 young (6144K), 2 survivors (4096K)
 Metaspace       used 61941K, committed 62400K, reserved 1105920K
  class space    used 6868K, committed 7104K, reserved 1048576K
}
Event: 508.277 GC heap after
{Heap after GC invocations=22 (full 0):
 garbage-first heap   total 458752K, used 89859K [0x0000000763c00000, 0x0000000800000000)
  region size 2048K, 1 young (2048K), 1 survivors (2048K)
 Metaspace       used 61941K, committed 62400K, reserved 1105920K
  class space    used 6868K, committed 7104K, reserved 1048576K
}

Deoptimization events (20 events):
Event: 519.651 Thread 0x000001b62e7f3720 DEOPT PACKING pc=0x000001b60f57a5c4 sp=0x0000000d330fd9e0
Event: 519.651 Thread 0x000001b62e7f3720 DEOPT UNPACKING pc=0x000001b60ed66763 sp=0x0000000d330fcec8 mode 1
Event: 519.651 Thread 0x000001b62e7f3720 DEOPT PACKING pc=0x000001b60f554929 sp=0x0000000d330fd950
Event: 519.651 Thread 0x000001b62e7f3720 DEOPT UNPACKING pc=0x000001b60ed66763 sp=0x0000000d330fce48 mode 1
Event: 519.651 Thread 0x000001b62e7f3720 DEOPT PACKING pc=0x000001b60f57a5c4 sp=0x0000000d330fdac0
Event: 519.651 Thread 0x000001b62e7f3720 DEOPT UNPACKING pc=0x000001b60ed66763 sp=0x0000000d330fcfa8 mode 1
Event: 519.652 Thread 0x000001b62e7f3720 Uncommon trap: trap_request=0xffffff97 fr.pc=0x000001b616d8cd14 relative=0x0000000000000154
Event: 519.652 Thread 0x000001b62e7f3720 Uncommon trap: reason=unhandled action=none pc=0x000001b616d8cd14 method=jdk.internal.loader.BuiltinClassLoader.loadClass(Ljava/lang/String;Z)Ljava/lang/Class; @ 19 c2
Event: 519.652 Thread 0x000001b62e7f3720 DEOPT PACKING pc=0x000001b616d8cd14 sp=0x0000000d330fdd30
Event: 519.652 Thread 0x000001b62e7f3720 DEOPT UNPACKING pc=0x000001b60ed65c23 sp=0x0000000d330fdcd0 mode 2
Event: 519.652 Thread 0x000001b62e7f3720 DEOPT PACKING pc=0x000001b60f57a5c4 sp=0x0000000d330fdd80
Event: 519.652 Thread 0x000001b62e7f3720 DEOPT UNPACKING pc=0x000001b60ed66763 sp=0x0000000d330fd268 mode 1
Event: 519.652 Thread 0x000001b62e7f3720 DEOPT PACKING pc=0x000001b60f554929 sp=0x0000000d330fdcf0
Event: 519.652 Thread 0x000001b62e7f3720 DEOPT UNPACKING pc=0x000001b60ed66763 sp=0x0000000d330fd1e8 mode 1
Event: 519.652 Thread 0x000001b62e7f3720 DEOPT PACKING pc=0x000001b60f57a5c4 sp=0x0000000d330fde60
Event: 519.652 Thread 0x000001b62e7f3720 DEOPT UNPACKING pc=0x000001b60ed66763 sp=0x0000000d330fd348 mode 1
Event: 519.652 Thread 0x000001b62e7f3720 Uncommon trap: trap_request=0xffffff45 fr.pc=0x000001b616ef8574 relative=0x0000000000000254
Event: 519.652 Thread 0x000001b62e7f3720 Uncommon trap: reason=unstable_if action=reinterpret pc=0x000001b616ef8574 method=jdk.internal.org.objectweb.asm.Frame.push(I)V @ 26 c2
Event: 519.652 Thread 0x000001b62e7f3720 DEOPT PACKING pc=0x000001b616ef8574 sp=0x0000000d330f9320
Event: 519.652 Thread 0x000001b62e7f3720 DEOPT UNPACKING pc=0x000001b60ed65c23 sp=0x0000000d330f92c8 mode 2

Classes unloaded (1 events):
Event: 508.302 Thread 0x000001b626d0cad0 Unloading class 0x0000000801220400 'java/lang/invoke/LambdaForm$DMH+0x0000000801220400'

Classes redefined (20 events):
Event: 297.699 Thread 0x000001b626d0cad0 redefined class name=com.queryeer.editor.TextEditor$6, count=1
Event: 297.699 Thread 0x000001b626d0cad0 redefined class name=com.queryeer.editor.TextEditor$7, count=1
Event: 297.699 Thread 0x000001b626d0cad0 redefined class name=com.queryeer.editor.TextEditor$8, count=1
Event: 297.699 Thread 0x000001b626d0cad0 redefined class name=com.queryeer.editor.TextEditor$9, count=1
Event: 297.699 Thread 0x000001b626d0cad0 redefined class name=com.queryeer.editor.TextEditor$10, count=1
Event: 297.699 Thread 0x000001b626d0cad0 redefined class name=com.queryeer.editor.TextEditor$11, count=1
Event: 297.699 Thread 0x000001b626d0cad0 redefined class name=com.queryeer.editor.TextEditor$12, count=1
Event: 297.699 Thread 0x000001b626d0cad0 redefined class name=com.queryeer.editor.TextEditor$PasteSpecialDialog, count=1
Event: 297.699 Thread 0x000001b626d0cad0 redefined class name=com.queryeer.editor.TextEditor$13, count=1
Event: 297.699 Thread 0x000001b626d0cad0 redefined class name=com.queryeer.editor.TextEditor$14, count=1
Event: 297.699 Thread 0x000001b626d0cad0 redefined class name=com.queryeer.editor.TextEditor$Panel, count=1
Event: 297.699 Thread 0x000001b626d0cad0 redefined class name=com.queryeer.editor.TextEditor$EditorParser, count=1
Event: 297.699 Thread 0x000001b626d0cad0 redefined class name=com.queryeer.editor.TextEditor$EditorParser$1, count=1
Event: 297.699 Thread 0x000001b626d0cad0 redefined class name=com.queryeer.editor.TextEditor$EditorCompleter, count=1
Event: 297.699 Thread 0x000001b626d0cad0 redefined class name=com.queryeer.editor.TextEditor$EditorCompleter$1, count=1
Event: 297.699 Thread 0x000001b626d0cad0 redefined class name=com.queryeer.editor.TextEditor$15, count=1
Event: 297.699 Thread 0x000001b626d0cad0 redefined class name=com.queryeer.editor.TextEditor$EditorParser$State, count=1
Event: 1202.848 Thread 0x000001b626d0cad0 redefined class name=se.kuseman.payloadbuilder.catalog.jdbc.dialect.SqlServerDocumentParser, count=1
Event: 1202.849 Thread 0x000001b626d0cad0 redefined class name=se.kuseman.payloadbuilder.catalog.jdbc.dialect.SqlServerDocumentParser$ValidateVisitor, count=1
Event: 1202.849 Thread 0x000001b626d0cad0 redefined class name=se.kuseman.payloadbuilder.catalog.jdbc.dialect.SqlServerDocumentParser$TableSourceAliasCollector, count=1

Internal exceptions (20 events):
Event: 504.350 Thread 0x000001b62e7f3720 Exception <a 'java/lang/NoSuchMethodError'{0x0000000772837120}: 'void java.lang.invoke.DirectMethodHandle$Holder.invokeSpecial(java.lang.Object, java.lang.Object, java.lang.Object, java.lang.Object, java.lang.Object, java.lang.Object, java.lang.Object)'> (0x0000000772837120) 
thrown [c:\jenkins\workspace\zulu17-build-win64\zulu-src.git\src\hotspot\share\interpreter\linkResolver.cpp, line 766]
Event: 506.154 Thread 0x000001b62e7f3720 Implicit null exception at 0x000001b6168b7d26 to 0x000001b6168bfcac
Event: 506.192 Thread 0x000001b629e45f10 Exception <a 'java/lang/NoSuchMethodError'{0x0000000772798930}: 'java.lang.Object java.lang.invoke.DirectMethodHandle$Holder.newInvokeSpecial(java.lang.Object, java.lang.Object, int)'> (0x0000000772798930) 
thrown [c:\jenkins\workspace\zulu17-build-win64\zulu-src.git\src\hotspot\share\interpreter\linkResolver.cpp, line 766]
Event: 506.192 Thread 0x000001b629e47d70 Exception <a 'java/lang/NoSuchMethodError'{0x0000000772402d90}: 'java.lang.Object java.lang.invoke.DirectMethodHandle$Holder.newInvokeSpecial(java.lang.Object, java.lang.Object, int)'> (0x0000000772402d90) 
thrown [c:\jenkins\workspace\zulu17-build-win64\zulu-src.git\src\hotspot\share\interpreter\linkResolver.cpp, line 766]
Event: 506.346 Thread 0x000001b629e47d70 Exception <a 'java/lang/NoSuchMethodError'{0x00000007724b5b40}: 'java.lang.Object java.lang.invoke.DirectMethodHandle$Holder.invokeStaticInit(java.lang.Object, java.lang.Object, java.lang.Object)'> (0x00000007724b5b40) 
thrown [c:\jenkins\workspace\zulu17-build-win64\zulu-src.git\src\hotspot\share\interpreter\linkResolver.cpp, line 766]
Event: 506.351 Thread 0x000001b629e44fe0 Exception <a 'java/lang/NoSuchMethodError'{0x000000076fff2e28}: 'java.lang.Object java.lang.invoke.DirectMethodHandle$Holder.invokeStaticInit(java.lang.Object, java.lang.Object, java.lang.Object, java.lang.Object)'> (0x000000076fff2e28) 
thrown [c:\jenkins\workspace\zulu17-build-win64\zulu-src.git\src\hotspot\share\interpreter\linkResolver.cpp, line 766]
Event: 506.372 Thread 0x000001b629e47d70 Exception <a 'java/lang/NoSuchMethodError'{0x00000007aaeef5c8}: 'java.lang.Object java.lang.invoke.DirectMethodHandle$Holder.invokeInterface(java.lang.Object, java.lang.Object, java.lang.Object)'> (0x00000007aaeef5c8) 
thrown [c:\jenkins\workspace\zulu17-build-win64\zulu-src.git\src\hotspot\share\interpreter\linkResolver.cpp, line 766]
Event: 506.384 Thread 0x000001b629e47d70 Exception <a 'java/lang/NoClassDefFoundError'{0x00000007aafec408}: oracle/dms/console/DMSConsole> (0x00000007aafec408) 
thrown [c:\jenkins\workspace\zulu17-build-win64\zulu-src.git\src\hotspot\share\classfile\systemDictionary.cpp, line 248]
Event: 506.384 Thread 0x000001b629e47d70 Exception <a 'java/lang/reflect/InvocationTargetException'{0x00000007aafec980}> (0x00000007aafec980) 
thrown [c:\jenkins\workspace\zulu17-build-win64\zulu-src.git\src\hotspot\share\runtime\reflection.cpp, line 1121]
Event: 506.524 Thread 0x000001b629e47d70 Exception <a 'java/net/UnknownHostException'{0x00000007aafd2c08}> (0x00000007aafd2c08) 
thrown [c:\jenkins\workspace\zulu17-build-win64\zulu-src.git\src\hotspot\share\prims\jni.cpp, line 516]
Event: 506.525 Thread 0x000001b629e44fe0 Exception <a 'java/net/UnknownHostException'{0x00000007aafd1bc0}> (0x00000007aafd1bc0) 
thrown [c:\jenkins\workspace\zulu17-build-win64\zulu-src.git\src\hotspot\share\prims\jni.cpp, line 516]
Event: 506.535 Thread 0x000001b629e47d70 Exception <a 'java/lang/NullPointerException'{0x000000079a305818}> (0x000000079a305818) 
thrown [c:\jenkins\workspace\zulu17-build-win64\zulu-src.git\src\hotspot\share\interpreter\linkResolver.cpp, line 1440]
Event: 506.535 Thread 0x000001b629e44fe0 Exception <a 'java/lang/NullPointerException'{0x000000079a97c170}> (0x000000079a97c170) 
thrown [c:\jenkins\workspace\zulu17-build-win64\zulu-src.git\src\hotspot\share\interpreter\linkResolver.cpp, line 1440]
Event: 506.535 Thread 0x000001b629e47d70 Exception <a 'java/lang/NullPointerException'{0x000000079a3071e0}> (0x000000079a3071e0) 
thrown [c:\jenkins\workspace\zulu17-build-win64\zulu-src.git\src\hotspot\share\interpreter\linkResolver.cpp, line 1440]
Event: 506.535 Thread 0x000001b629e44fe0 Exception <a 'java/lang/NullPointerException'{0x000000079a36d9a0}> (0x000000079a36d9a0) 
thrown [c:\jenkins\workspace\zulu17-build-win64\zulu-src.git\src\hotspot\share\interpreter\linkResolver.cpp, line 1440]
Event: 509.170 Thread 0x000001b62e142510 Exception <a 'java/lang/NoSuchMethodError'{0x0000000770265608}: 'java.lang.Object java.lang.invoke.DirectMethodHandle$Holder.invokeSpecial(java.lang.Object, java.lang.Object, java.lang.Object, java.lang.Object, java.lang.Object, java.lang.Object, java.lang.Object, java.lang.Object, java.lang.Object)'> (0x0000000770265608) 
thrown [c:\jenkins\workspace\zulu17-build-win64\zulu-src.git\src\hotspot\share\interpreter\linkResolver.cpp, line 766]
Event: 509.170 Thread 0x000001b62e142510 Exception <a 'java/lang/NoSuchMethodError'{0x000000077026a1d8}: 'java.lang.Object java.lang.invoke.Invokers$Holder.invoke_MT(java.lang.Object, java.lang.Object, java.lang.Object, java.lang.Object, java.lang.Object, java.lang.Object, java.lang.Object, java.lang.Object, java.lang.Object)'> (0x000000077026a1d8) 
thrown [c:\jenkins\workspace\zulu17-build-win64\zulu-src.git\src\hotspot\share\interpreter\linkResolver.cpp, line 766]
Event: 510.583 Thread 0x000001b62e7fa170 Implicit null exception at 0x000001b616f7f5bc to 0x000001b616f7fca0
Event: 519.652 Thread 0x000001b62e7f3720 Exception <a 'java/lang/NoSuchMethodError'{0x000000076ab3f5b0}: 'java.lang.Object java.lang.invoke.DirectMethodHandle$Holder.invokeSpecial(java.lang.Object, java.lang.Object, java.lang.Object, java.lang.Object, java.lang.Object, java.lang.Object, java.lang.Object, java.lang.Object, java.lang.Object, java.lang.Object, java.lang.Object)'> (0x000000076ab3f5b0) 
thrown [c:\jenkins\workspace\zulu17-build-win64\zulu-src.git\src\hotspot\share\interpreter\linkResolver.cpp, line 766]
Event: 519.652 Thread 0x000001b62e7f3720 Exception <a 'java/lang/NoSuchMethodError'{0x000000076ab43d80}: 'java.lang.Object java.lang.invoke.Invokers$Holder.invoke_MT(java.lang.Object, java.lang.Object, java.lang.Object, java.lang.Object, java.lang.Object, java.lang.Object, java.lang.Object, java.lang.Object, java.lang.Object, java.lang.Object, java.lang.Object)'> (0x000000076ab43d80) 
thrown [c:\jenkins\workspace\zulu17-build-win64\zulu-src.git\src\hotspot\share\interpreter\linkResolver.cpp, line 766]

VM Operations (20 events):
Event: 925.442 Executing VM operation: get/set locals
Event: 925.442 Executing VM operation: get/set locals done
Event: 925.442 Executing VM operation: get/set locals
Event: 925.442 Executing VM operation: get/set locals done
Event: 1202.278 Executing VM operation: ChangeSingleStep
Event: 1202.278 Executing VM operation: ChangeSingleStep done
Event: 1202.279 Executing VM operation: ChangeSingleStep
Event: 1202.279 Executing VM operation: ChangeSingleStep done
Event: 1202.818 Executing VM operation: RedefineClasses
Event: 1202.890 Executing VM operation: RedefineClasses done
Event: 1203.386 Executing VM operation: ChangeBreakpoints
Event: 1203.390 Executing VM operation: ChangeBreakpoints done
Event: 1203.394 Executing VM operation: ChangeSingleStep
Event: 1203.394 Executing VM operation: ChangeSingleStep done
Event: 1203.394 Executing VM operation: get/set locals
Event: 1203.395 Executing VM operation: get/set locals done
Event: 1203.396 Executing VM operation: ChangeSingleStep
Event: 1203.396 Executing VM operation: ChangeSingleStep done
Event: 1204.066 Executing VM operation: get/set locals
Event: 1204.066 Executing VM operation: get/set locals done

Events (20 events):
Event: 519.306 loading class javax/swing/plaf/basic/BasicEditorPaneUI$StyleSheetUIResource
Event: 519.306 loading class javax/swing/plaf/basic/BasicEditorPaneUI$StyleSheetUIResource done
Event: 519.309 Thread 0x000001b62fd016e0 Thread added: 0x000001b62fd016e0
Event: 519.310 loading class sun/awt/image/PNGImageDecoder
Event: 519.311 loading class sun/awt/image/PNGImageDecoder done
Event: 519.311 loading class sun/awt/image/PNGFilterInputStream
Event: 519.311 loading class sun/awt/image/PNGFilterInputStream done
Event: 519.371 Thread 0x000001b63013c180 Thread added: 0x000001b63013c180
Event: 519.446 loading class javax/swing/GrayFilter
Event: 519.446 loading class java/awt/image/RGBImageFilter
Event: 519.446 loading class java/awt/image/RGBImageFilter done
Event: 519.446 loading class javax/swing/GrayFilter done
Event: 519.527 Thread 0x000001b62f86dc30 Thread added: 0x000001b62f86dc30
Event: 520.392 Thread 0x000001b62f86dc30 Thread exited: 0x000001b62f86dc30
Event: 520.393 Thread 0x000001b63013c180 Thread exited: 0x000001b63013c180
Event: 524.448 Thread 0x000001b62fd016e0 Thread exited: 0x000001b62fd016e0
Event: 566.548 Thread 0x000001b629e44fe0 Thread exited: 0x000001b629e44fe0
Event: 566.548 Thread 0x000001b629e47d70 Thread exited: 0x000001b629e47d70
Event: 568.223 Thread 0x000001b629e45f10 Thread exited: 0x000001b629e45f10
Event: 570.766 Thread 0x000001b62e7fa170 Thread exited: 0x000001b62e7fa170


Dynamic libraries:
0x00007ff729590000 - 0x00007ff72959e000 	E:\Applications\Jdk\jdk17\bin\javaw.exe
0x00007ffd3a270000 - 0x00007ffd3a468000 	C:\Windows\SYSTEM32\ntdll.dll
0x00007ffd39fc0000 - 0x00007ffd3a082000 	C:\Windows\System32\KERNEL32.DLL
0x00007ffd39cc0000 - 0x00007ffd39fbf000 	C:\Windows\System32\KERNELBASE.dll
0x0000000073c70000 - 0x0000000073cac000 	C:\Windows\System32\cyinjct.dll
0x00007ffd2e900000 - 0x00007ffd2e909000 	C:\Windows\System32\ntnativeapi.dll
0x00007ffd2eda0000 - 0x00007ffd2edb8000 	E:\Applications\Jdk\jdk17\bin\jli.dll
0x000001b603c20000 - 0x000001b603dbd000 	C:\Windows\System32\USER32.dll
0x00007ffd37c10000 - 0x00007ffd37c32000 	C:\Windows\System32\win32u.dll
0x00007ffd387c0000 - 0x00007ffd387eb000 	C:\Windows\System32\GDI32.dll
0x00007ffd377d0000 - 0x00007ffd378e7000 	C:\Windows\System32\gdi32full.dll
0x00007ffd37ac0000 - 0x00007ffd37b5d000 	C:\Windows\System32\msvcp_win.dll
0x000001b603dc0000 - 0x000001b603ec0000 	C:\Windows\System32\ucrtbase.dll
0x00007ffd2ed80000 - 0x00007ffd2ed9b000 	E:\Applications\Jdk\jdk17\bin\VCRUNTIME140.dll
0x00007ffd08ba0000 - 0x00007ffd08e3a000 	C:\Windows\WinSxS\amd64_microsoft.windows.common-controls_6595b64144ccf1df_6.0.19041.4355_none_60b8b9eb71f62e16\COMCTL32.dll
0x00007ffd37e50000 - 0x00007ffd37eee000 	C:\Windows\System32\msvcrt.dll
0x00007ffd18540000 - 0x00007ffd1855e000 	C:\Windows\System32\cyvera.dll
0x00007ffd11270000 - 0x00007ffd112ee000 	C:\Windows\System32\cyvrtrap.dll
0x00007ffd37f90000 - 0x00007ffd37fbf000 	C:\Windows\System32\IMM32.DLL
0x00007ffd335d0000 - 0x00007ffd335dc000 	E:\Applications\Jdk\jdk17\bin\vcruntime140_1.dll
0x00007ffd15b60000 - 0x00007ffd15bed000 	E:\Applications\Jdk\jdk17\bin\msvcp140.dll
0x00007ffc9acc0000 - 0x00007ffc9b928000 	E:\Applications\Jdk\jdk17\bin\server\jvm.dll
0x00007ffd384f0000 - 0x00007ffd385a1000 	C:\Windows\System32\ADVAPI32.dll
0x00007ffd38370000 - 0x00007ffd3840f000 	C:\Windows\System32\sechost.dll
0x00007ffd39b90000 - 0x00007ffd39cb3000 	C:\Windows\System32\RPCRT4.dll
0x00007ffd37dd0000 - 0x00007ffd37df7000 	C:\Windows\System32\bcrypt.dll
0x00007ffd38860000 - 0x00007ffd38868000 	C:\Windows\System32\PSAPI.DLL
0x00007ffd18450000 - 0x00007ffd18459000 	C:\Windows\SYSTEM32\WSOCK32.dll
0x00007ffd387f0000 - 0x00007ffd3885b000 	C:\Windows\System32\WS2_32.dll
0x00007ffd25a70000 - 0x00007ffd25a97000 	C:\Windows\SYSTEM32\WINMM.dll
0x00007ffd31b90000 - 0x00007ffd31b9a000 	C:\Windows\SYSTEM32\VERSION.dll
0x00007ffd360e0000 - 0x00007ffd360f2000 	C:\Windows\SYSTEM32\kernel.appcore.dll
0x00007ffd31dd0000 - 0x00007ffd31dda000 	E:\Applications\Jdk\jdk17\bin\jimage.dll
0x00007ffd35950000 - 0x00007ffd35b34000 	C:\Windows\SYSTEM32\DBGHELP.DLL
0x00007ffd2bca0000 - 0x00007ffd2bcd4000 	C:\Windows\SYSTEM32\dbgcore.DLL
0x00007ffd37c40000 - 0x00007ffd37cc2000 	C:\Windows\System32\bcryptPrimitives.dll
0x00007ffd14ff0000 - 0x00007ffd1502b000 	E:\Applications\Jdk\jdk17\bin\jdwp.dll
0x00007ffd311e0000 - 0x00007ffd311ee000 	E:\Applications\Jdk\jdk17\bin\instrument.dll
0x00007ffd16590000 - 0x00007ffd165b5000 	E:\Applications\Jdk\jdk17\bin\java.dll
0x00007ffd11230000 - 0x00007ffd11268000 	C:\Program Files\Palo Alto Networks\Traps\cyjagent.dll
0x00007ffcdc1b0000 - 0x00007ffcdc287000 	E:\Applications\Jdk\jdk17\bin\jsvml.dll
0x00007ffd39290000 - 0x00007ffd399fe000 	C:\Windows\System32\SHELL32.dll
0x00007ffd350c0000 - 0x00007ffd35864000 	C:\Windows\SYSTEM32\windows.storage.dll
0x00007ffd38cf0000 - 0x00007ffd39045000 	C:\Windows\System32\combase.dll
0x00007ffd37120000 - 0x00007ffd3714f000 	C:\Windows\SYSTEM32\Wldp.dll
0x00007ffd38170000 - 0x00007ffd3823d000 	C:\Windows\System32\OLEAUT32.dll
0x00007ffd382c0000 - 0x00007ffd3836d000 	C:\Windows\System32\SHCORE.dll
0x00007ffd39a00000 - 0x00007ffd39a55000 	C:\Windows\System32\shlwapi.dll
0x00007ffd37700000 - 0x00007ffd37724000 	C:\Windows\SYSTEM32\profapi.dll
0x00007ffd2ecd0000 - 0x00007ffd2ecdc000 	E:\Applications\Jdk\jdk17\bin\dt_socket.dll
0x00007ffd36bb0000 - 0x00007ffd36beb000 	C:\Windows\SYSTEM32\IPHLPAPI.DLL
0x00007ffd36f00000 - 0x00007ffd36f6a000 	C:\Windows\system32\mswsock.dll
0x00007ffd36c00000 - 0x00007ffd36cca000 	C:\Windows\SYSTEM32\DNSAPI.dll
0x00007ffd37f80000 - 0x00007ffd37f88000 	C:\Windows\System32\NSI.dll
0x00007ffd321c0000 - 0x00007ffd321ca000 	C:\Windows\System32\rasadhlp.dll
0x00007ffd321f0000 - 0x00007ffd32270000 	C:\Windows\System32\fwpuclnt.dll
0x00007ffd2df30000 - 0x00007ffd2df48000 	E:\Applications\Jdk\jdk17\bin\zip.dll
0x00007ffd1e350000 - 0x00007ffd1e369000 	E:\Applications\Jdk\jdk17\bin\net.dll
0x00007ffd36750000 - 0x00007ffd3685d000 	C:\Windows\SYSTEM32\WINHTTP.dll
0x00007ffd174d0000 - 0x00007ffd174e6000 	E:\Applications\Jdk\jdk17\bin\nio.dll
0x00007ffd2c630000 - 0x00007ffd2c640000 	E:\Applications\Jdk\jdk17\bin\verify.dll
0x00007ffcdc020000 - 0x00007ffcdc1ae000 	E:\Applications\Jdk\jdk17\bin\awt.dll
0x00007ffd31120000 - 0x00007ffd311b4000 	C:\Windows\SYSTEM32\apphelp.dll
0x00007ffd34930000 - 0x00007ffd349ce000 	C:\Windows\system32\uxtheme.dll
0x00007ffd386a0000 - 0x00007ffd387b5000 	C:\Windows\System32\MSCTF.dll
0x00007ffd390b0000 - 0x00007ffd391db000 	C:\Windows\System32\ole32.dll
0x00007ffd34ac0000 - 0x00007ffd34aef000 	C:\Windows\system32\DWMAPI.DLL
0x00007ffd37160000 - 0x00007ffd37178000 	C:\Windows\SYSTEM32\CRYPTSP.dll
0x00007ffd366c0000 - 0x00007ffd366f4000 	C:\Windows\system32\rsaenh.dll
0x00007ffd376c0000 - 0x00007ffd376ee000 	C:\Windows\SYSTEM32\USERENV.dll
0x00007ffd37090000 - 0x00007ffd3709c000 	C:\Windows\SYSTEM32\CRYPTBASE.dll
0x00007ffd31a80000 - 0x00007ffd31a97000 	C:\Windows\SYSTEM32\dhcpcsvc6.DLL
0x00007ffd31a60000 - 0x00007ffd31a7d000 	C:\Windows\SYSTEM32\dhcpcsvc.DLL
0x00007ffd136f0000 - 0x00007ffd13779000 	E:\Applications\Jdk\jdk17\bin\freetype.dll
0x00007ffd13580000 - 0x00007ffd13629000 	E:\Applications\Jdk\jdk17\bin\fontmanager.dll
0x00007ffcdec00000 - 0x00007ffcded28000 	C:\Windows\system32\opengl32.dll
0x00007ffcfb4b0000 - 0x00007ffcfb4dc000 	C:\Windows\SYSTEM32\GLU32.dll
0x00007ffd279b0000 - 0x00007ffd279b9000 	E:\Applications\Jdk\jdk17\bin\management.dll
0x00007ffd1e1f0000 - 0x00007ffd1e1fb000 	E:\Applications\Jdk\jdk17\bin\management_ext.dll
0x00007ffcfeb70000 - 0x00007ffcfeb87000 	C:\Windows\system32\napinsp.dll
0x00007ffcfe8f0000 - 0x00007ffcfe90b000 	C:\Windows\system32\pnrpnsp.dll
0x00007ffd33990000 - 0x00007ffd339a5000 	C:\Windows\system32\wshbth.dll
0x00007ffd333d0000 - 0x00007ffd333ed000 	C:\Windows\system32\NLAapi.dll
0x00007ffcfe0e0000 - 0x00007ffcfe0f2000 	C:\Windows\System32\winrnr.dll
0x00007ffd17550000 - 0x00007ffd1755d000 	E:\Applications\Jdk\jdk17\bin\sunmscapi.dll
0x00007ffd378f0000 - 0x00007ffd37a4c000 	C:\Windows\System32\CRYPT32.dll
0x00007ffd37270000 - 0x00007ffd37297000 	C:\Windows\SYSTEM32\ncrypt.dll
0x00007ffd37230000 - 0x00007ffd3726b000 	C:\Windows\SYSTEM32\NTASN1.dll
0x00007ffcfd980000 - 0x00007ffcfda30000 	C:\Windows\WinSxS\amd64_microsoft.windows.common-controls_6595b64144ccf1df_5.82.19041.4355_none_792ecafd2442822f\comctl32.dll
0x00007ffd391e0000 - 0x00007ffd39289000 	C:\Windows\System32\clbcatq.dll
0x00007ffd346e0000 - 0x00007ffd34894000 	C:\Windows\SYSTEM32\WindowsCodecs.dll
0x00007ffce2f40000 - 0x00007ffce2f7e000 	C:\Windows\system32\dataexchange.dll
0x00007ffd324b0000 - 0x00007ffd32713000 	C:\Windows\system32\d3d11.dll
0x00007ffd309b0000 - 0x00007ffd30b94000 	C:\Windows\system32\dcomp.dll
0x00007ffd35b40000 - 0x00007ffd35c36000 	C:\Windows\system32\dxgi.dll
0x00007ffd31bc0000 - 0x00007ffd31dc3000 	C:\Windows\system32\twinapi.appcore.dll
0x00007ffd1d330000 - 0x00007ffd1d429000 	C:\Windows\SYSTEM32\textinputframework.dll
0x00007ffd2f990000 - 0x00007ffd2fceb000 	C:\Windows\System32\CoreUIComponents.dll
0x00007ffd32730000 - 0x00007ffd32822000 	C:\Windows\System32\CoreMessaging.dll
0x00007ffd36a20000 - 0x00007ffd36a53000 	C:\Windows\SYSTEM32\ntmarta.dll
0x00007ffd33810000 - 0x00007ffd33967000 	C:\Windows\SYSTEM32\wintypes.dll
0x00007ffd2d680000 - 0x00007ffd2d6ea000 	C:\Windows\system32\Ninput.dll

dbghelp: loaded successfully - version: 4.0.5 - missing functions: none
symbol engine: initialized successfully - sym options: 0x614 - pdb path: .;E:\Applications\Jdk\jdk17\bin;C:\Windows\SYSTEM32;C:\Windows\WinSxS\amd64_microsoft.windows.common-controls_6595b64144ccf1df_6.0.19041.4355_none_60b8b9eb71f62e16;E:\Applications\Jdk\jdk17\bin\server;C:\Program Files\Palo Alto Networks\Traps;C:\Windows\WinSxS\amd64_microsoft.windows.common-controls_6595b64144ccf1df_5.82.19041.4355_none_792ecafd2442822f

VM Arguments:
jvm_args: -XX:+ShowCodeDetailsInExceptionMessages -agentlib:jdwp=transport=dt_socket,suspend=y,address=localhost:52183 -Dshared=E:\Projects\github\queryeer\queryeer-ide/shared -Dplugin1=E:\Projects\github\queryeer\queryeer-ide/../queryeer-catalog/target/queryeer-catalog-dist/queryeer-catalog -Dplugin2=E:/Projects/ellos/products-data/queryeer/build/distributions/egpd-catalog-0.0.1-SNAPSHOT.zip -DdevEnv=true -Dlog4j.configuration=file:E:\Projects\github\queryeer\queryeer-ide/log4j.properties -Xmx2500m -javaagent:E:\Applications\eclipse-jee-2024-09-R-win32-x86_64\eclipse\configuration\org.eclipse.osgi\446\0\.cp\lib\javaagent-shaded.jar -Dfile.encoding=UTF-8 -Dstdout.encoding=UTF-8 -Dstderr.encoding=UTF-8 -agentpath:C:\Program Files\Palo Alto Networks\Traps\cyjagent.dll 
java_command: com.queryeer.Main
java_class_path (initial): E:\Projects\github\queryeer\queryeer-ide\target\classes;C:\Users\marhen105\.m2\repository\se\kuseman\payloadbuilder\payloadbuilder-core\1.8.0\payloadbuilder-core-1.8.0.jar;C:\Users\marhen105\.m2\repository\se\kuseman\payloadbuilder\payloadbuilder-api\1.8.0\payloadbuilder-api-1.8.0.jar;C:\Users\marhen105\.m2\repository\org\antlr\antlr4-runtime\4.13.0\antlr4-runtime-4.13.0.jar;C:\Users\marhen105\.m2\repository\commons-io\commons-io\2.14.0\commons-io-2.14.0.jar;C:\Users\marhen105\.m2\repository\org\apache\commons\commons-collections4\4.4\commons-collections4-4.4.jar;C:\Users\marhen105\.m2\repository\it\unimi\dsi\fastutil\8.5.12\fastutil-8.5.12.jar;C:\Users\marhen105\.m2\repository\com\fasterxml\jackson\core\jackson-databind\2.16.1\jackson-databind-2.16.1.jar;C:\Users\marhen105\.m2\repository\com\fasterxml\jackson\core\jackson-annotations\2.16.1\jackson-annotations-2.16.1.jar;C:\Users\marhen105\.m2\repository\com\fasterxml\jackson\core\jackson-core\2.16.1\jackson-core-2.16.1.jar;C:\Users\marhen105\.m2\repository\com\fasterxml\jackson\dataformat\jackson-dataformat-csv\2.16.1\jackson-dataformat-csv-2.16.1.jar;C:\Users\marhen105\.m2\repository\org\slf4j\slf4j-api\1.7.36\slf4j-api-1.7.36.jar;E:\Projects\github\queryeer\queryeer-api\target\classes;C:\Users\marhen105\.m2\repository\org\apache\commons\commons-lang3\3.14.0\commons-lang3-3.14.0.jar;C:\Users\marhen105\.m2\repository\org\slf4j\slf4j-reload4j\1.7.36\slf4j-reload4j-1.7.36.jar;C:\Users\marhen105\.m2\repository\ch\qos\reload4j\reload4j\1.2.19\reload4j-1.2.19.jar;C:\Users\marhen105\.m2\repository\io\github\classgraph\classgraph\4.8.146\classgraph-4.8.146.jar;C:\Users\marhen105\.m2\repository\com\vmware\antlr4-c3\antlr4-c3\1.1\antlr4-c3-1.1.jar;C:\Users\marhen105\.m2\repository\org\jasypt\jasypt\1.9.3\jasypt-1.9.3.jar;C:\Users\marhen105\.m2\repository\org\freemarker\freemarker\2.3.32\freemarker-2.3.32.jar;C:\Users\marhen105\.m2\repository\org\kordamp\ikonli\ikonli-fontawesome-pack\2.4.0\ikon
Launcher Type: SUN_STANDARD

[Global flags]
     intx CICompilerCount                          = 4                                         {product} {ergonomic}
     uint ConcGCThreads                            = 3                                         {product} {ergonomic}
     uint G1ConcRefinementThreads                  = 10                                        {product} {ergonomic}
   size_t G1HeapRegionSize                         = 2097152                                   {product} {ergonomic}
    uintx GCDrainStackTargetSize                   = 64                                        {product} {ergonomic}
   size_t InitialHeapSize                          = 524288000                                 {product} {ergonomic}
   size_t MarkStackSize                            = 4194304                                   {product} {ergonomic}
   size_t MaxHeapSize                              = 2621440000                                {product} {command line}
   size_t MaxNewSize                               = 1572864000                                {product} {ergonomic}
   size_t MinHeapDeltaBytes                        = 2097152                                   {product} {ergonomic}
   size_t MinHeapSize                              = 8388608                                   {product} {ergonomic}
    uintx NonNMethodCodeHeapSize                   = 5839372                                {pd product} {ergonomic}
    uintx NonProfiledCodeHeapSize                  = 122909434                              {pd product} {ergonomic}
    uintx ProfiledCodeHeapSize                     = 122909434                              {pd product} {ergonomic}
    uintx ReservedCodeCacheSize                    = 251658240                              {pd product} {ergonomic}
     bool SegmentedCodeCache                       = true                                      {product} {ergonomic}
     bool ShowCodeDetailsInExceptionMessages       = true                                   {manageable} {command line}
   size_t SoftMaxHeapSize                          = 2621440000                             {manageable} {ergonomic}
     bool UseCompressedClassPointers               = true                           {product lp64_product} {ergonomic}
     bool UseCompressedOops                        = true                           {product lp64_product} {ergonomic}
     bool UseG1GC                                  = true                                      {product} {ergonomic}
     bool UseLargePagesIndividualAllocation        = false                                  {pd product} {ergonomic}

Logging:
Log output configuration:
 #0: stdout all=warning uptime,level,tags
 #1: stderr all=off uptime,level,tags

Environment Variables:
PATH=E:/Applications/Jdk/jdk21/bin/server;E:/Applications/Jdk/jdk21/bin;C:\Windows\system32;C:\Windows;C:\Windows\System32\Wbem;C:\Windows\System32\WindowsPowerShell\v1.0\;C:\Windows\System32\OpenSSH\;C:\Program Files (x86)\NVIDIA Corporation\PhysX\Common;C:\Program Files\dotnet\;C:\Program Files (x86)\Common Files\Pulse Secure\VC142.CRT\X64\;C:\Program Files (x86)\Common Files\Pulse Secure\VC142.CRT\X86\;C:\Program Files (x86)\Pulse Secure\VC142.CRT\X64\;C:\Program Files (x86)\Pulse Secure\VC142.CRT\X86\;C:\Program Files (x86)\Microsoft SQL Server\150\DTS\Binn\;C:\Program Files\Azure Data Studio\bin;C:\Program Files (x86)\Common Files\Pulse Secure\TNC Client Plugin\;C:\Program Files (x86)\Microsoft SQL Server\160\Tools\Binn\;C:\Program Files\Microsoft SQL Server\160\Tools\Binn\;C:\Program Files\Microsoft SQL Server\Client SDK\ODBC\170\Tools\Binn\;C:\Program Files\Microsoft SQL Server\160\DTS\Binn\;C:\Users\marhen105\AppData\Roaming\nvm;C:\Program Files\nodejs;C:\Program Files\Docker\Docker\resources\bin;C:\Users\marhen105\AppData\Local\Microsoft\WindowsApps;C:\Program Files\Azure Data Studio\bin;C:\Users\marhen105\AppData\Local\GitHubDesktop\bin;C:\Users\marhen105\Applications\Microsoft VS Code\bin;C:\Users\marhen105\AppData\Local\Packages\PythonSoftwareFoundation.Python.3.12_qbz5n2kfra8p0\LocalCache\local-packages\Python312\Scripts;C:\Users\marhen105\AppData\Roaming\nvm;C:\Program Files\nodejs;C:\Users\marhen105\AppData\Local\Programs\Microsoft VS Code Insiders\bin;E:\Applications\eclipse-jee-2024-09-R-win32-x86_64\eclipse;
USERNAME=marhen105
OS=Windows_NT
PROCESSOR_IDENTIFIER=Intel64 Family 6 Model 141 Stepping 1, GenuineIntel



---------------  S Y S T E M  ---------------

OS:
 Windows 10 , 64 bit Build 19041 (10.0.19041.5198)
OS uptime: 7 days 16:25 hours
Hyper-V role detected

CPU: total 12 (initial active 12) (6 cores per cpu, 2 threads per core) family 6 model 141 stepping 1 microcode 0x52, cx8, cmov, fxsr, ht, mmx, 3dnowpref, sse, sse2, sse3, ssse3, sse4.1, sse4.2, popcnt, lzcnt, tsc, tscinvbit, avx, avx2, aes, erms, clmul, bmi1, bmi2, adx, avx512f, avx512dq, avx512cd, avx512bw, avx512vl, sha, fma, vzeroupper, avx512_vpopcntdq, avx512_vpclmulqdq, avx512_vaes, avx512_vnni, clflush, clflushopt, clwb, avx512_vbmi2, avx512_vbmi, hv

Memory: 4k page, system-wide physical 31953M (9062M free)
TotalPageFile size 64721M (AvailPageFile size 19465M)
current process WorkingSet (physical memory assigned to process): 700M, peak: 1415M
current process commit charge ("private bytes"): 614M, peak: 1391M

vm_info: OpenJDK 64-Bit Server VM (17.0.3+7-LTS) for windows-amd64 JRE (17.0.3+7-LTS) (Zulu17.34+19-CA), built on Apr 17 2022 09:22:54 by "zulu_re" with MS VC++ 16.10 / 16.11 (VS2019)

END.
